AHFCmd : AH XSL Formatter V6.2 MR1 for Windows (x64) : 6.2.3.16772 (2014/04/30 10:59JST)
         Copyright (c) 1999-2014 Antenna House, Inc.

AHFCmd :WARNING: Error Level : 2
AHFCmd :WARNING: Error Code  : 10761 (2A09)
AHFCmd :WARNING: Invalid property value: font-size="sans-serif".
AHFCmd :WARNING: Line 166, Col 41880, file:///C:/Git/dita/specification/temp/pdf/topic.fo

AHFCmd :WARNING: Error Level : 2
AHFCmd :WARNING: Error Code  : 10761 (2A09)
AHFCmd :WARNING: Invalid property value: font-size="sans-serif".
AHFCmd :WARNING: Line 166, Col 63047, file:///C:/Git/dita/specification/temp/pdf/topic.fo

AHFCmd :WARNING: Error Level : 2
AHFCmd :WARNING: Error Code  : 10761 (2A09)
AHFCmd :WARNING: Invalid property value: font-size="sans-serif".
AHFCmd :WARNING: Line 166, Col 65549, file:///C:/Git/dita/specification/temp/pdf/topic.fo

AHFCmd :WARNING: Error Level : 2
AHFCmd :WARNING: Error Code  : 10761 (2A09)
AHFCmd :WARNING: Invalid property value: font-size="sans-serif".
AHFCmd :WARNING: Line 166, Col 66481, file:///C:/Git/dita/specification/temp/pdf/topic.fo

AHFCmd :WARNING: Error Level : 2
AHFCmd :WARNING: Error Code  : 10761 (2A09)
AHFCmd :WARNING: Invalid property value: font-size="sans-serif".
AHFCmd :WARNING: Line 167, Col 136, file:///C:/Git/dita/specification/temp/pdf/topic.fo

AHFCmd :WARNING: Error Level : 2
AHFCmd :WARNING: Error Code  : 10761 (2A09)
AHFCmd :WARNING: Invalid property value: font-size="sans-serif".
AHFCmd :WARNING: Line 167, Col 12188, file:///C:/Git/dita/specification/temp/pdf/topic.fo

AHFCmd :WARNING: Error Level : 2
AHFCmd :WARNING: Error Code  : 10761 (2A09)
AHFCmd :WARNING: Invalid property value: font-size="sans-serif".
AHFCmd :WARNING: Line 167, Col 13130, file:///C:/Git/dita/specification/temp/pdf/topic.fo

AHFCmd :WARNING: Error Level : 2
AHFCmd :WARNING: Error Code  : 10761 (2A09)
AHFCmd :WARNING: Invalid property value: font-size="sans-serif".
AHFCmd :WARNING: Line 167, Col 78732, file:///C:/Git/dita/specification/temp/pdf/topic.fo

AHFCmd :WARNING: Error Level : 2
AHFCmd :WARNING: Error Code  : 10761 (2A09)
AHFCmd :WARNING: Invalid property value: font-size="sans-serif".
AHFCmd :WARNING: Line 1156, Col 703, file:///C:/Git/dita/specification/temp/pdf/topic.fo

AHFCmd :WARNING: Error Level : 2
AHFCmd :WARNING: Error Code  : 10761 (2A09)
AHFCmd :WARNING: Invalid property value: font-size="sans-serif".
AHFCmd :WARNING: Line 1156, Col 868, file:///C:/Git/dita/specification/temp/pdf/topic.fo

AHFCmd :WARNING: Error Level : 2
AHFCmd :WARNING: Error Code  : 10761 (2A09)
AHFCmd :WARNING: Invalid property value: font-size="sans-serif".
AHFCmd :WARNING: Line 1187, Col 478, file:///C:/Git/dita/specification/temp/pdf/topic.fo

AHFCmd :WARNING: Error Level : 2
AHFCmd :WARNING: Error Code  : 10761 (2A09)
AHFCmd :WARNING: Invalid property value: font-size="sans-serif".
AHFCmd :WARNING: Line 1190, Col 703, file:///C:/Git/dita/specification/temp/pdf/topic.fo

AHFCmd :WARNING: Error Level : 2
AHFCmd :WARNING: Error Code  : 10761 (2A09)
AHFCmd :WARNING: Invalid property value: font-size="sans-serif".
AHFCmd :WARNING: Line 1333, Col 818, file:///C:/Git/dita/specification/temp/pdf/topic.fo

AHFCmd :WARNING: Error Level : 2
AHFCmd :WARNING: Error Code  : 10761 (2A09)
AHFCmd :WARNING: Invalid property value: font-size="sans-serif".
AHFCmd :WARNING: Line 1780, Col 136, file:///C:/Git/dita/specification/temp/pdf/topic.fo

AHFCmd :WARNING: Error Level : 2
AHFCmd :WARNING: Error Code  : 18948 (4A04)
AHFCmd :WARNING: Graphic file is not found: "file:///C:/Git/dita/specification/temp/pdf/"
AHFCmd :WARNING: Line 1905, Col 299, file:///C:/Git/dita/specification/temp/pdf/topic.fo

AHFCmd :WARNING: Error Level : 2
AHFCmd :WARNING: Error Code  : 10761 (2A09)
AHFCmd :WARNING: Invalid property value: font-size="sans-serif".
AHFCmd :WARNING: Line 2138, Col 776, file:///C:/Git/dita/specification/temp/pdf/topic.fo

AHFCmd :WARNING: Error Level : 2
AHFCmd :WARNING: Error Code  : 10761 (2A09)
AHFCmd :WARNING: Invalid property value: font-size="sans-serif".
AHFCmd :WARNING: Line 2675, Col 11675, file:///C:/Git/dita/specification/temp/pdf/topic.fo

AHFCmd :WARNING: Error Level : 2
AHFCmd :WARNING: Error Code  : 10761 (2A09)
AHFCmd :WARNING: Invalid property value: font-size="sans-serif".
AHFCmd :WARNING: Line 3174, Col 819, file:///C:/Git/dita/specification/temp/pdf/topic.fo

AHFCmd :WARNING: Error Level : 2
AHFCmd :WARNING: Error Code  : 10761 (2A09)
AHFCmd :WARNING: Invalid property value: font-size="sans-serif".
AHFCmd :WARNING: Line 3283, Col 697, file:///C:/Git/dita/specification/temp/pdf/topic.fo

AHFCmd :WARNING: Error Level : 2
AHFCmd :WARNING: Error Code  : 10761 (2A09)
AHFCmd :WARNING: Invalid property value: font-size="sans-serif".
AHFCmd :WARNING: Line 4076, Col 709, file:///C:/Git/dita/specification/temp/pdf/topic.fo

AHFCmd :WARNING: Error Level : 2
AHFCmd :WARNING: Error Code  : 10761 (2A09)
AHFCmd :WARNING: Invalid property value: font-size="sans-serif".
AHFCmd :WARNING: Line 4076, Col 869, file:///C:/Git/dita/specification/temp/pdf/topic.fo

AHFCmd :WARNING: Error Level : 2
AHFCmd :WARNING: Error Code  : 10761 (2A09)
AHFCmd :WARNING: Invalid property value: font-size="sans-serif".
AHFCmd :WARNING: Line 4817, Col 455, file:///C:/Git/dita/specification/temp/pdf/topic.fo

AHFCmd :WARNING: Error Level : 2
AHFCmd :WARNING: Error Code  : 10761 (2A09)
AHFCmd :WARNING: Invalid property value: font-size="sans-serif".
AHFCmd :WARNING: Line 5088, Col 497, file:///C:/Git/dita/specification/temp/pdf/topic.fo

AHFCmd :WARNING: Error Level : 2
AHFCmd :WARNING: Error Code  : 10761 (2A09)
AHFCmd :WARNING: Invalid property value: font-size="sans-serif".
AHFCmd :WARNING: Line 5187, Col 889, file:///C:/Git/dita/specification/temp/pdf/topic.fo

AHFCmd :WARNING: Error Level : 2
AHFCmd :WARNING: Error Code  : 10761 (2A09)
AHFCmd :WARNING: Invalid property value: font-size="sans-serif".
AHFCmd :WARNING: Line 5233, Col 706, file:///C:/Git/dita/specification/temp/pdf/topic.fo

AHFCmd :WARNING: Error Level : 2
AHFCmd :WARNING: Error Code  : 10761 (2A09)
AHFCmd :WARNING: Invalid property value: font-size="sans-serif".
AHFCmd :WARNING: Line 5354, Col 704, file:///C:/Git/dita/specification/temp/pdf/topic.fo

AHFCmd :WARNING: Error Level : 2
AHFCmd :WARNING: Error Code  : 10761 (2A09)
AHFCmd :WARNING: Invalid property value: font-size="sans-serif".
AHFCmd :WARNING: Line 5355, Col 138, file:///C:/Git/dita/specification/temp/pdf/topic.fo

AHFCmd :WARNING: Error Level : 2
AHFCmd :WARNING: Error Code  : 10761 (2A09)
AHFCmd :WARNING: Invalid property value: font-size="sans-serif".
AHFCmd :WARNING: Line 5368, Col 704, file:///C:/Git/dita/specification/temp/pdf/topic.fo

AHFCmd :WARNING: Error Level : 2
AHFCmd :WARNING: Error Code  : 10761 (2A09)
AHFCmd :WARNING: Invalid property value: font-size="sans-serif".
AHFCmd :WARNING: Line 5419, Col 706, file:///C:/Git/dita/specification/temp/pdf/topic.fo

AHFCmd :WARNING: Error Level : 2
AHFCmd :WARNING: Error Code  : 10761 (2A09)
AHFCmd :WARNING: Invalid property value: font-size="sans-serif".
AHFCmd :WARNING: Line 5420, Col 138, file:///C:/Git/dita/specification/temp/pdf/topic.fo

AHFCmd :WARNING: Error Level : 2
AHFCmd :WARNING: Error Code  : 10761 (2A09)
AHFCmd :WARNING: Invalid property value: font-size="sans-serif".
AHFCmd :WARNING: Line 5492, Col 706, file:///C:/Git/dita/specification/temp/pdf/topic.fo

AHFCmd :WARNING: Error Level : 2
AHFCmd :WARNING: Error Code  : 10761 (2A09)
AHFCmd :WARNING: Invalid property value: font-size="sans-serif".
AHFCmd :WARNING: Line 5522, Col 697, file:///C:/Git/dita/specification/temp/pdf/topic.fo

AHFCmd :WARNING: Error Level : 2
AHFCmd :WARNING: Error Code  : 10761 (2A09)
AHFCmd :WARNING: Invalid property value: font-size="sans-serif".
AHFCmd :WARNING: Line 5523, Col 138, file:///C:/Git/dita/specification/temp/pdf/topic.fo

AHFCmd :WARNING: Error Level : 2
AHFCmd :WARNING: Error Code  : 10761 (2A09)
AHFCmd :WARNING: Invalid property value: font-size="sans-serif".
AHFCmd :WARNING: Line 5620, Col 697, file:///C:/Git/dita/specification/temp/pdf/topic.fo

AHFCmd :WARNING: Error Level : 2
AHFCmd :WARNING: Error Code  : 10761 (2A09)
AHFCmd :WARNING: Invalid property value: font-size="sans-serif".
AHFCmd :WARNING: Line 5706, Col 656, file:///C:/Git/dita/specification/temp/pdf/topic.fo

AHFCmd :WARNING: Error Level : 2
AHFCmd :WARNING: Error Code  : 10761 (2A09)
AHFCmd :WARNING: Invalid property value: font-size="sans-serif".
AHFCmd :WARNING: Line 5982, Col 1464, file:///C:/Git/dita/specification/temp/pdf/topic.fo

AHFCmd :WARNING: Error Level : 2
AHFCmd :WARNING: Error Code  : 10761 (2A09)
AHFCmd :WARNING: Invalid property value: font-size="sans-serif".
AHFCmd :WARNING: Line 6045, Col 492, file:///C:/Git/dita/specification/temp/pdf/topic.fo

AHFCmd :WARNING: Error Level : 2
AHFCmd :WARNING: Error Code  : 10761 (2A09)
AHFCmd :WARNING: Invalid property value: font-size="sans-serif".
AHFCmd :WARNING: Line 6045, Col 647, file:///C:/Git/dita/specification/temp/pdf/topic.fo

AHFCmd :WARNING: Error Level : 2
AHFCmd :WARNING: Error Code  : 10761 (2A09)
AHFCmd :WARNING: Invalid property value: font-size="sans-serif".
AHFCmd :WARNING: Line 6095, Col 838, file:///C:/Git/dita/specification/temp/pdf/topic.fo

AHFCmd :WARNING: Error Level : 2
AHFCmd :WARNING: Error Code  : 10761 (2A09)
AHFCmd :WARNING: Invalid property value: font-size="sans-serif".
AHFCmd :WARNING: Line 6183, Col 136, file:///C:/Git/dita/specification/temp/pdf/topic.fo

AHFCmd :WARNING: Error Level : 2
AHFCmd :WARNING: Error Code  : 10761 (2A09)
AHFCmd :WARNING: Invalid property value: font-size="sans-serif".
AHFCmd :WARNING: Line 6532, Col 667, file:///C:/Git/dita/specification/temp/pdf/topic.fo

AHFCmd :WARNING: Error Level : 2
AHFCmd :WARNING: Error Code  : 10761 (2A09)
AHFCmd :WARNING: Invalid property value: font-size="sans-serif".
AHFCmd :WARNING: Line 6583, Col 777, file:///C:/Git/dita/specification/temp/pdf/topic.fo

AHFCmd :WARNING: Error Level : 2
AHFCmd :WARNING: Error Code  : 10761 (2A09)
AHFCmd :WARNING: Invalid property value: font-size="sans-serif".
AHFCmd :WARNING: Line 6584, Col 142, file:///C:/Git/dita/specification/temp/pdf/topic.fo

AHFCmd :WARNING: Error Level : 2
AHFCmd :WARNING: Error Code  : 10761 (2A09)
AHFCmd :WARNING: Invalid property value: font-size="sans-serif".
AHFCmd :WARNING: Line 6595, Col 771, file:///C:/Git/dita/specification/temp/pdf/topic.fo

AHFCmd :WARNING: Error Level : 2
AHFCmd :WARNING: Error Code  : 10761 (2A09)
AHFCmd :WARNING: Invalid property value: font-size="sans-serif".
AHFCmd :WARNING: Line 6603, Col 758, file:///C:/Git/dita/specification/temp/pdf/topic.fo

AHFCmd :WARNING: Error Level : 2
AHFCmd :WARNING: Error Code  : 10761 (2A09)
AHFCmd :WARNING: Invalid property value: font-size="sans-serif".
AHFCmd :WARNING: Line 6623, Col 667, file:///C:/Git/dita/specification/temp/pdf/topic.fo

AHFCmd :WARNING: Error Level : 2
AHFCmd :WARNING: Error Code  : 10761 (2A09)
AHFCmd :WARNING: Invalid property value: font-size="sans-serif".
AHFCmd :WARNING: Line 6843, Col 784, file:///C:/Git/dita/specification/temp/pdf/topic.fo

AHFCmd :WARNING: Error Level : 2
AHFCmd :WARNING: Error Code  : 10761 (2A09)
AHFCmd :WARNING: Invalid property value: font-size="sans-serif".
AHFCmd :WARNING: Line 6859, Col 786, file:///C:/Git/dita/specification/temp/pdf/topic.fo

AHFCmd :WARNING: Error Level : 2
AHFCmd :WARNING: Error Code  : 10761 (2A09)
AHFCmd :WARNING: Invalid property value: font-size="sans-serif".
AHFCmd :WARNING: Line 7233, Col 967, file:///C:/Git/dita/specification/temp/pdf/topic.fo

AHFCmd :WARNING: Error Level : 2
AHFCmd :WARNING: Error Code  : 10761 (2A09)
AHFCmd :WARNING: Invalid property value: font-size="sans-serif".
AHFCmd :WARNING: Line 7303, Col 974, file:///C:/Git/dita/specification/temp/pdf/topic.fo

AHFCmd :WARNING: Error Level : 2
AHFCmd :WARNING: Error Code  : 10761 (2A09)
AHFCmd :WARNING: Invalid property value: font-size="sans-serif".
AHFCmd :WARNING: Line 7919, Col 463, file:///C:/Git/dita/specification/temp/pdf/topic.fo

AHFCmd :WARNING: Error Level : 2
AHFCmd :WARNING: Error Code  : 10761 (2A09)
AHFCmd :WARNING: Invalid property value: font-size="sans-serif".
AHFCmd :WARNING: Line 8774, Col 802, file:///C:/Git/dita/specification/temp/pdf/topic.fo

AHFCmd :WARNING: Error Level : 2
AHFCmd :WARNING: Error Code  : 10761 (2A09)
AHFCmd :WARNING: Invalid property value: font-size="sans-serif".
AHFCmd :WARNING: Line 8787, Col 798, file:///C:/Git/dita/specification/temp/pdf/topic.fo

AHFCmd :WARNING: Error Level : 2
AHFCmd :WARNING: Error Code  : 10761 (2A09)
AHFCmd :WARNING: Invalid property value: font-size="sans-serif".
AHFCmd :WARNING: Line 9006, Col 965, file:///C:/Git/dita/specification/temp/pdf/topic.fo

AHFCmd :WARNING: Error Level : 2
AHFCmd :WARNING: Error Code  : 10761 (2A09)
AHFCmd :WARNING: Invalid property value: font-size="sans-serif".
AHFCmd :WARNING: Line 9057, Col 753, file:///C:/Git/dita/specification/temp/pdf/topic.fo

AHFCmd :WARNING: Error Level : 2
AHFCmd :WARNING: Error Code  : 10761 (2A09)
AHFCmd :WARNING: Invalid property value: font-size="sans-serif".
AHFCmd :WARNING: Line 9063, Col 754, file:///C:/Git/dita/specification/temp/pdf/topic.fo

AHFCmd :WARNING: Error Level : 2
AHFCmd :WARNING: Error Code  : 10761 (2A09)
AHFCmd :WARNING: Invalid property value: font-size="sans-serif".
AHFCmd :WARNING: Line 9069, Col 754, file:///C:/Git/dita/specification/temp/pdf/topic.fo

AHFCmd :WARNING: Error Level : 2
AHFCmd :WARNING: Error Code  : 10761 (2A09)
AHFCmd :WARNING: Invalid property value: font-size="sans-serif".
AHFCmd :WARNING: Line 9079, Col 751, file:///C:/Git/dita/specification/temp/pdf/topic.fo

AHFCmd :WARNING: Error Level : 2
AHFCmd :WARNING: Error Code  : 10761 (2A09)
AHFCmd :WARNING: Invalid property value: font-size="sans-serif".
AHFCmd :WARNING: Line 9092, Col 812, file:///C:/Git/dita/specification/temp/pdf/topic.fo

AHFCmd :WARNING: Error Level : 2
AHFCmd :WARNING: Error Code  : 10761 (2A09)
AHFCmd :WARNING: Invalid property value: font-size="sans-serif".
AHFCmd :WARNING: Line 9132, Col 686, file:///C:/Git/dita/specification/temp/pdf/topic.fo

AHFCmd :WARNING: Error Level : 2
AHFCmd :WARNING: Error Code  : 10761 (2A09)
AHFCmd :WARNING: Invalid property value: font-size="sans-serif".
AHFCmd :WARNING: Line 9155, Col 771, file:///C:/Git/dita/specification/temp/pdf/topic.fo

AHFCmd :WARNING: Error Level : 2
AHFCmd :WARNING: Error Code  : 10761 (2A09)
AHFCmd :WARNING: Invalid property value: font-size="sans-serif".
AHFCmd :WARNING: Line 9198, Col 450, file:///C:/Git/dita/specification/temp/pdf/topic.fo

AHFCmd :WARNING: Error Level : 2
AHFCmd :WARNING: Error Code  : 10761 (2A09)
AHFCmd :WARNING: Invalid property value: font-size="sans-serif".
AHFCmd :WARNING: Line 9216, Col 449, file:///C:/Git/dita/specification/temp/pdf/topic.fo

AHFCmd :WARNING: Error Level : 2
AHFCmd :WARNING: Error Code  : 10761 (2A09)
AHFCmd :WARNING: Invalid property value: font-size="sans-serif".
AHFCmd :WARNING: Line 9217, Col 770, file:///C:/Git/dita/specification/temp/pdf/topic.fo

AHFCmd :WARNING: Error Level : 2
AHFCmd :WARNING: Error Code  : 10761 (2A09)
AHFCmd :WARNING: Invalid property value: font-size="sans-serif".
AHFCmd :WARNING: Line 9253, Col 770, file:///C:/Git/dita/specification/temp/pdf/topic.fo

AHFCmd :WARNING: Error Level : 2
AHFCmd :WARNING: Error Code  : 10761 (2A09)
AHFCmd :WARNING: Invalid property value: font-size="sans-serif".
AHFCmd :WARNING: Line 9294, Col 981, file:///C:/Git/dita/specification/temp/pdf/topic.fo

AHFCmd :WARNING: Error Level : 2
AHFCmd :WARNING: Error Code  : 10761 (2A09)
AHFCmd :WARNING: Invalid property value: font-size="sans-serif".
AHFCmd :WARNING: Line 9372, Col 976, file:///C:/Git/dita/specification/temp/pdf/topic.fo

AHFCmd :WARNING: Error Level : 2
AHFCmd :WARNING: Error Code  : 10761 (2A09)
AHFCmd :WARNING: Invalid property value: font-size="sans-serif".
AHFCmd :WARNING: Line 9395, Col 687, file:///C:/Git/dita/specification/temp/pdf/topic.fo

AHFCmd :WARNING: Error Level : 2
AHFCmd :WARNING: Error Code  : 10761 (2A09)
AHFCmd :WARNING: Invalid property value: font-size="sans-serif".
AHFCmd :WARNING: Line 9412, Col 687, file:///C:/Git/dita/specification/temp/pdf/topic.fo

AHFCmd :WARNING: Error Level : 2
AHFCmd :WARNING: Error Code  : 10761 (2A09)
AHFCmd :WARNING: Invalid property value: font-size="sans-serif".
AHFCmd :WARNING: Line 9440, Col 1037, file:///C:/Git/dita/specification/temp/pdf/topic.fo

AHFCmd :WARNING: Error Level : 2
AHFCmd :WARNING: Error Code  : 10761 (2A09)
AHFCmd :WARNING: Invalid property value: font-size="sans-serif".
AHFCmd :WARNING: Line 9451, Col 937, file:///C:/Git/dita/specification/temp/pdf/topic.fo

AHFCmd :WARNING: Error Level : 2
AHFCmd :WARNING: Error Code  : 10761 (2A09)
AHFCmd :WARNING: Invalid property value: font-size="sans-serif".
AHFCmd :WARNING: Line 9461, Col 1022, file:///C:/Git/dita/specification/temp/pdf/topic.fo

AHFCmd :WARNING: Error Level : 2
AHFCmd :WARNING: Error Code  : 10761 (2A09)
AHFCmd :WARNING: Invalid property value: font-size="sans-serif".
AHFCmd :WARNING: Line 9472, Col 940, file:///C:/Git/dita/specification/temp/pdf/topic.fo

AHFCmd :WARNING: Error Level : 2
AHFCmd :WARNING: Error Code  : 10761 (2A09)
AHFCmd :WARNING: Invalid property value: font-size="sans-serif".
AHFCmd :WARNING: Line 9516, Col 1067, file:///C:/Git/dita/specification/temp/pdf/topic.fo

AHFCmd :WARNING: Error Level : 2
AHFCmd :WARNING: Error Code  : 10761 (2A09)
AHFCmd :WARNING: Invalid property value: font-size="sans-serif".
AHFCmd :WARNING: Line 9526, Col 939, file:///C:/Git/dita/specification/temp/pdf/topic.fo

AHFCmd :WARNING: Error Level : 2
AHFCmd :WARNING: Error Code  : 10761 (2A09)
AHFCmd :WARNING: Invalid property value: font-size="sans-serif".
AHFCmd :WARNING: Line 9550, Col 533, file:///C:/Git/dita/specification/temp/pdf/topic.fo

AHFCmd :WARNING: Error Level : 2
AHFCmd :WARNING: Error Code  : 10761 (2A09)
AHFCmd :WARNING: Invalid property value: font-size="sans-serif".
AHFCmd :WARNING: Line 9574, Col 457, file:///C:/Git/dita/specification/temp/pdf/topic.fo

AHFCmd :WARNING: Error Level : 2
AHFCmd :WARNING: Error Code  : 10761 (2A09)
AHFCmd :WARNING: Invalid property value: font-size="sans-serif".
AHFCmd :WARNING: Line 9577, Col 1026, file:///C:/Git/dita/specification/temp/pdf/topic.fo

AHFCmd :WARNING: Error Level : 2
AHFCmd :WARNING: Error Code  : 10761 (2A09)
AHFCmd :WARNING: Invalid property value: font-size="sans-serif".
AHFCmd :WARNING: Line 9601, Col 1023, file:///C:/Git/dita/specification/temp/pdf/topic.fo

AHFCmd :WARNING: Error Level : 2
AHFCmd :WARNING: Error Code  : 10761 (2A09)
AHFCmd :WARNING: Invalid property value: font-size="sans-serif".
AHFCmd :WARNING: Line 9610, Col 1025, file:///C:/Git/dita/specification/temp/pdf/topic.fo

AHFCmd :WARNING: Error Level : 2
AHFCmd :WARNING: Error Code  : 10761 (2A09)
AHFCmd :WARNING: Invalid property value: font-size="sans-serif".
AHFCmd :WARNING: Line 9645, Col 1025, file:///C:/Git/dita/specification/temp/pdf/topic.fo

AHFCmd :WARNING: Error Level : 2
AHFCmd :WARNING: Error Code  : 10761 (2A09)
AHFCmd :WARNING: Invalid property value: font-size="sans-serif".
AHFCmd :WARNING: Line 9655, Col 1022, file:///C:/Git/dita/specification/temp/pdf/topic.fo

AHFCmd :WARNING: Error Level : 2
AHFCmd :WARNING: Error Code  : 10761 (2A09)
AHFCmd :WARNING: Invalid property value: font-size="sans-serif".
AHFCmd :WARNING: Line 9696, Col 1066, file:///C:/Git/dita/specification/temp/pdf/topic.fo

AHFCmd :WARNING: Error Level : 2
AHFCmd :WARNING: Error Code  : 10761 (2A09)
AHFCmd :WARNING: Invalid property value: font-size="sans-serif".
AHFCmd :WARNING: Line 9705, Col 814, file:///C:/Git/dita/specification/temp/pdf/topic.fo

AHFCmd :WARNING: Error Level : 2
AHFCmd :WARNING: Error Code  : 10761 (2A09)
AHFCmd :WARNING: Invalid property value: font-size="sans-serif".
AHFCmd :WARNING: Line 9726, Col 729, file:///C:/Git/dita/specification/temp/pdf/topic.fo

AHFCmd :WARNING: Error Level : 2
AHFCmd :WARNING: Error Code  : 10761 (2A09)
AHFCmd :WARNING: Invalid property value: font-size="sans-serif".
AHFCmd :WARNING: Line 9743, Col 857, file:///C:/Git/dita/specification/temp/pdf/topic.fo

AHFCmd :WARNING: Error Level : 2
AHFCmd :WARNING: Error Code  : 10761 (2A09)
AHFCmd :WARNING: Invalid property value: font-size="sans-serif".
AHFCmd :WARNING: Line 9760, Col 814, file:///C:/Git/dita/specification/temp/pdf/topic.fo

AHFCmd :WARNING: Error Level : 2
AHFCmd :WARNING: Error Code  : 10761 (2A09)
AHFCmd :WARNING: Invalid property value: font-size="sans-serif".
AHFCmd :WARNING: Line 9789, Col 770, file:///C:/Git/dita/specification/temp/pdf/topic.fo

AHFCmd :WARNING: Error Level : 2
AHFCmd :WARNING: Error Code  : 10761 (2A09)
AHFCmd :WARNING: Invalid property value: font-size="sans-serif".
AHFCmd :WARNING: Line 9854, Col 545, file:///C:/Git/dita/specification/temp/pdf/topic.fo

AHFCmd :WARNING: Error Level : 2
AHFCmd :WARNING: Error Code  : 10761 (2A09)
AHFCmd :WARNING: Invalid property value: font-size="sans-serif".
AHFCmd :WARNING: Line 9895, Col 1106, file:///C:/Git/dita/specification/temp/pdf/topic.fo

AHFCmd :WARNING: Error Level : 2
AHFCmd :WARNING: Error Code  : 10761 (2A09)
AHFCmd :WARNING: Invalid property value: font-size="sans-serif".
AHFCmd :WARNING: Line 9989, Col 936, file:///C:/Git/dita/specification/temp/pdf/topic.fo

AHFCmd :WARNING: Error Level : 2
AHFCmd :WARNING: Error Code  : 10761 (2A09)
AHFCmd :WARNING: Invalid property value: font-size="sans-serif".
AHFCmd :WARNING: Line 10114, Col 817, file:///C:/Git/dita/specification/temp/pdf/topic.fo

AHFCmd :WARNING: Error Level : 2
AHFCmd :WARNING: Error Code  : 10761 (2A09)
AHFCmd :WARNING: Invalid property value: font-size="sans-serif".
AHFCmd :WARNING: Line 10134, Col 533, file:///C:/Git/dita/specification/temp/pdf/topic.fo

AHFCmd :WARNING: Error Level : 2
AHFCmd :WARNING: Error Code  : 10761 (2A09)
AHFCmd :WARNING: Invalid property value: font-size="sans-serif".
AHFCmd :WARNING: Line 10142, Col 452, file:///C:/Git/dita/specification/temp/pdf/topic.fo

AHFCmd :WARNING: Error Level : 2
AHFCmd :WARNING: Error Code  : 10761 (2A09)
AHFCmd :WARNING: Invalid property value: font-size="sans-serif".
AHFCmd :WARNING: Line 10143, Col 1193, file:///C:/Git/dita/specification/temp/pdf/topic.fo

AHFCmd :WARNING: Error Level : 2
AHFCmd :WARNING: Error Code  : 10761 (2A09)
AHFCmd :WARNING: Invalid property value: font-size="sans-serif".
AHFCmd :WARNING: Line 10151, Col 899, file:///C:/Git/dita/specification/temp/pdf/topic.fo

AHFCmd :WARNING: Error Level : 2
AHFCmd :WARNING: Error Code  : 10761 (2A09)
AHFCmd :WARNING: Invalid property value: font-size="sans-serif".
AHFCmd :WARNING: Line 10180, Col 1023, file:///C:/Git/dita/specification/temp/pdf/topic.fo

AHFCmd :WARNING: Error Level : 2
AHFCmd :WARNING: Error Code  : 10761 (2A09)
AHFCmd :WARNING: Invalid property value: font-size="sans-serif".
AHFCmd :WARNING: Line 10192, Col 451, file:///C:/Git/dita/specification/temp/pdf/topic.fo

AHFCmd :WARNING: Error Level : 2
AHFCmd :WARNING: Error Code  : 10761 (2A09)
AHFCmd :WARNING: Invalid property value: font-size="sans-serif".
AHFCmd :WARNING: Line 10199, Col 451, file:///C:/Git/dita/specification/temp/pdf/topic.fo

AHFCmd :WARNING: Error Level : 2
AHFCmd :WARNING: Error Code  : 10761 (2A09)
AHFCmd :WARNING: Invalid property value: font-size="sans-serif".
AHFCmd :WARNING: Line 10201, Col 900, file:///C:/Git/dita/specification/temp/pdf/topic.fo

AHFCmd :WARNING: Error Level : 2
AHFCmd :WARNING: Error Code  : 10761 (2A09)
AHFCmd :WARNING: Invalid property value: font-size="sans-serif".
AHFCmd :WARNING: Line 10225, Col 983, file:///C:/Git/dita/specification/temp/pdf/topic.fo

AHFCmd :WARNING: Error Level : 2
AHFCmd :WARNING: Error Code  : 10761 (2A09)
AHFCmd :WARNING: Invalid property value: font-size="sans-serif".
AHFCmd :WARNING: Line 10256, Col 814, file:///C:/Git/dita/specification/temp/pdf/topic.fo

AHFCmd :WARNING: Error Level : 2
AHFCmd :WARNING: Error Code  : 10761 (2A09)
AHFCmd :WARNING: Invalid property value: font-size="sans-serif".
AHFCmd :WARNING: Line 10294, Col 896, file:///C:/Git/dita/specification/temp/pdf/topic.fo

AHFCmd :WARNING: Error Level : 2
AHFCmd :WARNING: Error Code  : 10761 (2A09)
AHFCmd :WARNING: Invalid property value: font-size="sans-serif".
AHFCmd :WARNING: Line 10468, Col 156, file:///C:/Git/dita/specification/temp/pdf/topic.fo

AHFCmd :WARNING: Error Level : 2
AHFCmd :WARNING: Error Code  : 10761 (2A09)
AHFCmd :WARNING: Invalid property value: font-size="sans-serif".
AHFCmd :WARNING: Line 10512, Col 156, file:///C:/Git/dita/specification/temp/pdf/topic.fo

AHFCmd :WARNING: Error Level : 2
AHFCmd :WARNING: Error Code  : 10761 (2A09)
AHFCmd :WARNING: Invalid property value: font-size="sans-serif".
AHFCmd :WARNING: Line 10514, Col 1023, file:///C:/Git/dita/specification/temp/pdf/topic.fo

AHFCmd :WARNING: Error Level : 2
AHFCmd :WARNING: Error Code  : 10761 (2A09)
AHFCmd :WARNING: Invalid property value: font-size="sans-serif".
AHFCmd :WARNING: Line 10529, Col 854, file:///C:/Git/dita/specification/temp/pdf/topic.fo

AHFCmd :WARNING: Error Level : 2
AHFCmd :WARNING: Error Code  : 10761 (2A09)
AHFCmd :WARNING: Invalid property value: font-size="sans-serif".
AHFCmd :WARNING: Line 10539, Col 895, file:///C:/Git/dita/specification/temp/pdf/topic.fo

AHFCmd :WARNING: Error Level : 2
AHFCmd :WARNING: Error Code  : 10761 (2A09)
AHFCmd :WARNING: Invalid property value: font-size="sans-serif".
AHFCmd :WARNING: Line 10595, Col 855, file:///C:/Git/dita/specification/temp/pdf/topic.fo

AHFCmd :WARNING: Error Level : 2
AHFCmd :WARNING: Error Code  : 10761 (2A09)
AHFCmd :WARNING: Invalid property value: font-size="sans-serif".
AHFCmd :WARNING: Line 10615, Col 938, file:///C:/Git/dita/specification/temp/pdf/topic.fo

AHFCmd :WARNING: Error Level : 2
AHFCmd :WARNING: Error Code  : 10761 (2A09)
AHFCmd :WARNING: Invalid property value: font-size="sans-serif".
AHFCmd :WARNING: Line 10634, Col 981, file:///C:/Git/dita/specification/temp/pdf/topic.fo

AHFCmd :WARNING: Error Level : 2
AHFCmd :WARNING: Error Code  : 10761 (2A09)
AHFCmd :WARNING: Invalid property value: font-size="sans-serif".
AHFCmd :WARNING: Line 10652, Col 855, file:///C:/Git/dita/specification/temp/pdf/topic.fo

AHFCmd :WARNING: Error Level : 2
AHFCmd :WARNING: Error Code  : 10761 (2A09)
AHFCmd :WARNING: Invalid property value: font-size="sans-serif".
AHFCmd :WARNING: Line 10715, Col 939, file:///C:/Git/dita/specification/temp/pdf/topic.fo

AHFCmd :WARNING: Error Level : 2
AHFCmd :WARNING: Error Code  : 10761 (2A09)
AHFCmd :WARNING: Invalid property value: font-size="sans-serif".
AHFCmd :WARNING: Line 10750, Col 1023, file:///C:/Git/dita/specification/temp/pdf/topic.fo

AHFCmd :WARNING: Error Level : 2
AHFCmd :WARNING: Error Code  : 10761 (2A09)
AHFCmd :WARNING: Invalid property value: font-size="sans-serif".
AHFCmd :WARNING: Line 10767, Col 1022, file:///C:/Git/dita/specification/temp/pdf/topic.fo

AHFCmd :WARNING: Error Level : 2
AHFCmd :WARNING: Error Code  : 10761 (2A09)
AHFCmd :WARNING: Invalid property value: font-size="sans-serif".
AHFCmd :WARNING: Line 10775, Col 814, file:///C:/Git/dita/specification/temp/pdf/topic.fo

AHFCmd :WARNING: Error Level : 2
AHFCmd :WARNING: Error Code  : 10761 (2A09)
AHFCmd :WARNING: Invalid property value: font-size="sans-serif".
AHFCmd :WARNING: Line 10790, Col 814, file:///C:/Git/dita/specification/temp/pdf/topic.fo

AHFCmd :WARNING: Error Level : 2
AHFCmd :WARNING: Error Code  : 10761 (2A09)
AHFCmd :WARNING: Invalid property value: font-size="sans-serif".
AHFCmd :WARNING: Line 10809, Col 855, file:///C:/Git/dita/specification/temp/pdf/topic.fo

AHFCmd :WARNING: Error Level : 2
AHFCmd :WARNING: Error Code  : 10761 (2A09)
AHFCmd :WARNING: Invalid property value: font-size="sans-serif".
AHFCmd :WARNING: Line 10824, Col 1075, file:///C:/Git/dita/specification/temp/pdf/topic.fo

AHFCmd :WARNING: Error Level : 2
AHFCmd :WARNING: Error Code  : 10761 (2A09)
AHFCmd :WARNING: Invalid property value: font-size="sans-serif".
AHFCmd :WARNING: Line 10841, Col 1069, file:///C:/Git/dita/specification/temp/pdf/topic.fo

AHFCmd :WARNING: Error Level : 2
AHFCmd :WARNING: Error Code  : 10761 (2A09)
AHFCmd :WARNING: Invalid property value: font-size="sans-serif".
AHFCmd :WARNING: Line 10885, Col 1044, file:///C:/Git/dita/specification/temp/pdf/topic.fo

AHFCmd :WARNING: Error Level : 2
AHFCmd :WARNING: Error Code  : 10761 (2A09)
AHFCmd :WARNING: Invalid property value: font-size="sans-serif".
AHFCmd :WARNING: Line 10928, Col 929, file:///C:/Git/dita/specification/temp/pdf/topic.fo

AHFCmd :WARNING: Error Level : 2
AHFCmd :WARNING: Error Code  : 10761 (2A09)
AHFCmd :WARNING: Invalid property value: font-size="sans-serif".
AHFCmd :WARNING: Line 10948, Col 1062, file:///C:/Git/dita/specification/temp/pdf/topic.fo

AHFCmd :WARNING: Error Level : 2
AHFCmd :WARNING: Error Code  : 10761 (2A09)
AHFCmd :WARNING: Invalid property value: font-size="sans-serif".
AHFCmd :WARNING: Line 11011, Col 811, file:///C:/Git/dita/specification/temp/pdf/topic.fo

AHFCmd :WARNING: Error Level : 2
AHFCmd :WARNING: Error Code  : 10761 (2A09)
AHFCmd :WARNING: Invalid property value: font-size="sans-serif".
AHFCmd :WARNING: Line 11069, Col 895, file:///C:/Git/dita/specification/temp/pdf/topic.fo

AHFCmd :WARNING: Error Level : 2
AHFCmd :WARNING: Error Code  : 10761 (2A09)
AHFCmd :WARNING: Invalid property value: font-size="sans-serif".
AHFCmd :WARNING: Line 11129, Col 790, file:///C:/Git/dita/specification/temp/pdf/topic.fo

AHFCmd :WARNING: Error Level : 2
AHFCmd :WARNING: Error Code  : 10761 (2A09)
AHFCmd :WARNING: Invalid property value: font-size="sans-serif".
AHFCmd :WARNING: Line 11145, Col 815, file:///C:/Git/dita/specification/temp/pdf/topic.fo

AHFCmd :WARNING: Error Level : 2
AHFCmd :WARNING: Error Code  : 10761 (2A09)
AHFCmd :WARNING: Invalid property value: font-size="sans-serif".
AHFCmd :WARNING: Line 11175, Col 810, file:///C:/Git/dita/specification/temp/pdf/topic.fo

AHFCmd :WARNING: Error Level : 2
AHFCmd :WARNING: Error Code  : 10761 (2A09)
AHFCmd :WARNING: Invalid property value: font-size="sans-serif".
AHFCmd :WARNING: Line 11180, Col 1846, file:///C:/Git/dita/specification/temp/pdf/topic.fo

AHFCmd :WARNING: Error Level : 2
AHFCmd :WARNING: Error Code  : 10761 (2A09)
AHFCmd :WARNING: Invalid property value: font-size="sans-serif".
AHFCmd :WARNING: Line 11238, Col 471, file:///C:/Git/dita/specification/temp/pdf/topic.fo

AHFCmd :WARNING: Error Level : 2
AHFCmd :WARNING: Error Code  : 10761 (2A09)
AHFCmd :WARNING: Invalid property value: font-size="sans-serif".
AHFCmd :WARNING: Line 11239, Col 937, file:///C:/Git/dita/specification/temp/pdf/topic.fo

AHFCmd :WARNING: Error Level : 2
AHFCmd :WARNING: Error Code  : 10761 (2A09)
AHFCmd :WARNING: Invalid property value: font-size="sans-serif".
AHFCmd :WARNING: Line 11245, Col 1897, file:///C:/Git/dita/specification/temp/pdf/topic.fo

AHFCmd :WARNING: Error Level : 2
AHFCmd :WARNING: Error Code  : 10761 (2A09)
AHFCmd :WARNING: Invalid property value: font-size="sans-serif".
AHFCmd :WARNING: Line 11251, Col 1895, file:///C:/Git/dita/specification/temp/pdf/topic.fo

AHFCmd :WARNING: Error Level : 2
AHFCmd :WARNING: Error Code  : 10761 (2A09)
AHFCmd :WARNING: Invalid property value: font-size="sans-serif".
AHFCmd :WARNING: Line 11256, Col 1767, file:///C:/Git/dita/specification/temp/pdf/topic.fo

AHFCmd :WARNING: Error Level : 2
AHFCmd :WARNING: Error Code  : 10761 (2A09)
AHFCmd :WARNING: Invalid property value: font-size="sans-serif".
AHFCmd :WARNING: Line 11627, Col 812, file:///C:/Git/dita/specification/temp/pdf/topic.fo

AHFCmd :WARNING: Error Level : 2
AHFCmd :WARNING: Error Code  : 10761 (2A09)
AHFCmd :WARNING: Invalid property value: font-size="sans-serif".
AHFCmd :WARNING: Line 11633, Col 1738, file:///C:/Git/dita/specification/temp/pdf/topic.fo

AHFCmd :WARNING: Error Level : 2
AHFCmd :WARNING: Error Code  : 10761 (2A09)
AHFCmd :WARNING: Invalid property value: font-size="sans-serif".
AHFCmd :WARNING: Line 11642, Col 1764, file:///C:/Git/dita/specification/temp/pdf/topic.fo

AHFCmd :WARNING: Error Level : 2
AHFCmd :WARNING: Error Code  : 10761 (2A09)
AHFCmd :WARNING: Invalid property value: font-size="sans-serif".
AHFCmd :WARNING: Line 11655, Col 957, file:///C:/Git/dita/specification/temp/pdf/topic.fo

AHFCmd :WARNING: Error Level : 2
AHFCmd :WARNING: Error Code  : 10761 (2A09)
AHFCmd :WARNING: Invalid property value: font-size="sans-serif".
AHFCmd :WARNING: Line 11719, Col 813, file:///C:/Git/dita/specification/temp/pdf/topic.fo

AHFCmd :WARNING: Error Level : 2
AHFCmd :WARNING: Error Code  : 10761 (2A09)
AHFCmd :WARNING: Invalid property value: font-size="sans-serif".
AHFCmd :WARNING: Line 11759, Col 476, file:///C:/Git/dita/specification/temp/pdf/topic.fo

AHFCmd :WARNING: Error Level : 2
AHFCmd :WARNING: Error Code  : 10761 (2A09)
AHFCmd :WARNING: Invalid property value: font-size="sans-serif".
AHFCmd :WARNING: Line 11765, Col 1190, file:///C:/Git/dita/specification/temp/pdf/topic.fo

AHFCmd :WARNING: Error Level : 2
AHFCmd :WARNING: Error Code  : 10761 (2A09)
AHFCmd :WARNING: Invalid property value: font-size="sans-serif".
AHFCmd :WARNING: Line 11812, Col 876, file:///C:/Git/dita/specification/temp/pdf/topic.fo

AHFCmd :WARNING: Error Level : 2
AHFCmd :WARNING: Error Code  : 10761 (2A09)
AHFCmd :WARNING: Invalid property value: font-size="sans-serif".
AHFCmd :WARNING: Line 11854, Col 811, file:///C:/Git/dita/specification/temp/pdf/topic.fo

AHFCmd :WARNING: Error Level : 2
AHFCmd :WARNING: Error Code  : 10761 (2A09)
AHFCmd :WARNING: Invalid property value: font-size="sans-serif".
AHFCmd :WARNING: Line 11889, Col 1144, file:///C:/Git/dita/specification/temp/pdf/topic.fo

AHFCmd :WARNING: Error Level : 2
AHFCmd :WARNING: Error Code  : 10761 (2A09)
AHFCmd :WARNING: Invalid property value: font-size="sans-serif".
AHFCmd :WARNING: Line 11988, Col 895, file:///C:/Git/dita/specification/temp/pdf/topic.fo

AHFCmd :WARNING: Error Level : 2
AHFCmd :WARNING: Error Code  : 10761 (2A09)
AHFCmd :WARNING: Invalid property value: font-size="sans-serif".
AHFCmd :WARNING: Line 11998, Col 896, file:///C:/Git/dita/specification/temp/pdf/topic.fo

AHFCmd :WARNING: Error Level : 2
AHFCmd :WARNING: Error Code  : 10761 (2A09)
AHFCmd :WARNING: Invalid property value: font-size="sans-serif".
AHFCmd :WARNING: Line 12011, Col 894, file:///C:/Git/dita/specification/temp/pdf/topic.fo

AHFCmd :WARNING: Error Level : 2
AHFCmd :WARNING: Error Code  : 10761 (2A09)
AHFCmd :WARNING: Invalid property value: font-size="sans-serif".
AHFCmd :WARNING: Line 12020, Col 1312, file:///C:/Git/dita/specification/temp/pdf/topic.fo

AHFCmd :WARNING: Error Level : 2
AHFCmd :WARNING: Error Code  : 10761 (2A09)
AHFCmd :WARNING: Invalid property value: font-size="sans-serif".
AHFCmd :WARNING: Line 12151, Col 897, file:///C:/Git/dita/specification/temp/pdf/topic.fo

AHFCmd :WARNING: Error Level : 2
AHFCmd :WARNING: Error Code  : 10761 (2A09)
AHFCmd :WARNING: Invalid property value: font-size="sans-serif".
AHFCmd :WARNING: Line 12249, Col 790, file:///C:/Git/dita/specification/temp/pdf/topic.fo

AHFCmd :WARNING: Error Level : 2
AHFCmd :WARNING: Error Code  : 10761 (2A09)
AHFCmd :WARNING: Invalid property value: font-size="sans-serif".
AHFCmd :WARNING: Line 12341, Col 489, file:///C:/Git/dita/specification/temp/pdf/topic.fo

AHFCmd :WARNING: Error Level : 2
AHFCmd :WARNING: Error Code  : 10761 (2A09)
AHFCmd :WARNING: Invalid property value: font-size="sans-serif".
AHFCmd :WARNING: Line 12343, Col 1142, file:///C:/Git/dita/specification/temp/pdf/topic.fo

AHFCmd :WARNING: Error Level : 2
AHFCmd :WARNING: Error Code  : 10761 (2A09)
AHFCmd :WARNING: Invalid property value: font-size="sans-serif".
AHFCmd :WARNING: Line 12408, Col 897, file:///C:/Git/dita/specification/temp/pdf/topic.fo

AHFCmd :WARNING: Error Level : 2
AHFCmd :WARNING: Error Code  : 10761 (2A09)
AHFCmd :WARNING: Invalid property value: font-size="sans-serif".
AHFCmd :WARNING: Line 12472, Col 1146, file:///C:/Git/dita/specification/temp/pdf/topic.fo

AHFCmd :WARNING: Error Level : 2
AHFCmd :WARNING: Error Code  : 10761 (2A09)
AHFCmd :WARNING: Invalid property value: font-size="sans-serif".
AHFCmd :WARNING: Line 12502, Col 981, file:///C:/Git/dita/specification/temp/pdf/topic.fo

AHFCmd :WARNING: Error Level : 2
AHFCmd :WARNING: Error Code  : 10761 (2A09)
AHFCmd :WARNING: Invalid property value: font-size="sans-serif".
AHFCmd :WARNING: Line 12543, Col 812, file:///C:/Git/dita/specification/temp/pdf/topic.fo

AHFCmd :WARNING: Error Level : 2
AHFCmd :WARNING: Error Code  : 10761 (2A09)
AHFCmd :WARNING: Invalid property value: font-size="sans-serif".
AHFCmd :WARNING: Line 12587, Col 897, file:///C:/Git/dita/specification/temp/pdf/topic.fo

AHFCmd :WARNING: Error Level : 2
AHFCmd :WARNING: Error Code  : 10761 (2A09)
AHFCmd :WARNING: Invalid property value: font-size="sans-serif".
AHFCmd :WARNING: Line 12635, Col 479, file:///C:/Git/dita/specification/temp/pdf/topic.fo

AHFCmd :WARNING: Error Level : 2
AHFCmd :WARNING: Error Code  : 10761 (2A09)
AHFCmd :WARNING: Invalid property value: font-size="sans-serif".
AHFCmd :WARNING: Line 12641, Col 480, file:///C:/Git/dita/specification/temp/pdf/topic.fo

AHFCmd :WARNING: Error Level : 2
AHFCmd :WARNING: Error Code  : 10761 (2A09)
AHFCmd :WARNING: Invalid property value: font-size="sans-serif".
AHFCmd :WARNING: Line 12657, Col 987, file:///C:/Git/dita/specification/temp/pdf/topic.fo

AHFCmd :WARNING: Error Level : 2
AHFCmd :WARNING: Error Code  : 10761 (2A09)
AHFCmd :WARNING: Invalid property value: font-size="sans-serif".
AHFCmd :WARNING: Line 12710, Col 879, file:///C:/Git/dita/specification/temp/pdf/topic.fo

AHFCmd :WARNING: Error Level : 2
AHFCmd :WARNING: Error Code  : 10761 (2A09)
AHFCmd :WARNING: Invalid property value: font-size="sans-serif".
AHFCmd :WARNING: Line 12744, Col 813, file:///C:/Git/dita/specification/temp/pdf/topic.fo

AHFCmd :WARNING: Error Level : 2
AHFCmd :WARNING: Error Code  : 10761 (2A09)
AHFCmd :WARNING: Invalid property value: font-size="sans-serif".
AHFCmd :WARNING: Line 12757, Col 812, file:///C:/Git/dita/specification/temp/pdf/topic.fo

AHFCmd :WARNING: Error Level : 2
AHFCmd :WARNING: Error Code  : 10761 (2A09)
AHFCmd :WARNING: Invalid property value: font-size="sans-serif".
AHFCmd :WARNING: Line 12782, Col 811, file:///C:/Git/dita/specification/temp/pdf/topic.fo

AHFCmd :WARNING: Error Level : 2
AHFCmd :WARNING: Error Code  : 10761 (2A09)
AHFCmd :WARNING: Invalid property value: font-size="sans-serif".
AHFCmd :WARNING: Line 12806, Col 810, file:///C:/Git/dita/specification/temp/pdf/topic.fo

AHFCmd :WARNING: Error Level : 2
AHFCmd :WARNING: Error Code  : 10761 (2A09)
AHFCmd :WARNING: Invalid property value: font-size="sans-serif".
AHFCmd :WARNING: Line 12817, Col 811, file:///C:/Git/dita/specification/temp/pdf/topic.fo

AHFCmd :WARNING: Error Level : 2
AHFCmd :WARNING: Error Code  : 10761 (2A09)
AHFCmd :WARNING: Invalid property value: font-size="sans-serif".
AHFCmd :WARNING: Line 12845, Col 811, file:///C:/Git/dita/specification/temp/pdf/topic.fo

AHFCmd :WARNING: Error Level : 2
AHFCmd :WARNING: Error Code  : 10761 (2A09)
AHFCmd :WARNING: Invalid property value: font-size="sans-serif".
AHFCmd :WARNING: Line 12857, Col 812, file:///C:/Git/dita/specification/temp/pdf/topic.fo

AHFCmd :WARNING: Error Level : 2
AHFCmd :WARNING: Error Code  : 10761 (2A09)
AHFCmd :WARNING: Invalid property value: font-size="sans-serif".
AHFCmd :WARNING: Line 12874, Col 852, file:///C:/Git/dita/specification/temp/pdf/topic.fo

AHFCmd :WARNING: Error Level : 2
AHFCmd :WARNING: Error Code  : 10761 (2A09)
AHFCmd :WARNING: Invalid property value: font-size="sans-serif".
AHFCmd :WARNING: Line 12892, Col 882, file:///C:/Git/dita/specification/temp/pdf/topic.fo

AHFCmd :WARNING: Error Level : 2
AHFCmd :WARNING: Error Code  : 10761 (2A09)
AHFCmd :WARNING: Invalid property value: font-size="sans-serif".
AHFCmd :WARNING: Line 12905, Col 928, file:///C:/Git/dita/specification/temp/pdf/topic.fo

AHFCmd :WARNING: Error Level : 2
AHFCmd :WARNING: Error Code  : 10761 (2A09)
AHFCmd :WARNING: Invalid property value: font-size="sans-serif".
AHFCmd :WARNING: Line 12941, Col 838, file:///C:/Git/dita/specification/temp/pdf/topic.fo

AHFCmd :WARNING: Error Level : 2
AHFCmd :WARNING: Error Code  : 10761 (2A09)
AHFCmd :WARNING: Invalid property value: font-size="sans-serif".
AHFCmd :WARNING: Line 12978, Col 813, file:///C:/Git/dita/specification/temp/pdf/topic.fo

AHFCmd :WARNING: Error Level : 2
AHFCmd :WARNING: Error Code  : 10761 (2A09)
AHFCmd :WARNING: Invalid property value: font-size="sans-serif".
AHFCmd :WARNING: Line 13007, Col 835, file:///C:/Git/dita/specification/temp/pdf/topic.fo

AHFCmd :WARNING: Error Level : 2
AHFCmd :WARNING: Error Code  : 10761 (2A09)
AHFCmd :WARNING: Invalid property value: font-size="sans-serif".
AHFCmd :WARNING: Line 13028, Col 813, file:///C:/Git/dita/specification/temp/pdf/topic.fo

AHFCmd :WARNING: Error Level : 2
AHFCmd :WARNING: Error Code  : 10761 (2A09)
AHFCmd :WARNING: Invalid property value: font-size="sans-serif".
AHFCmd :WARNING: Line 13036, Col 1768, file:///C:/Git/dita/specification/temp/pdf/topic.fo

AHFCmd :WARNING: Error Level : 2
AHFCmd :WARNING: Error Code  : 10761 (2A09)
AHFCmd :WARNING: Invalid property value: font-size="sans-serif".
AHFCmd :WARNING: Line 13055, Col 814, file:///C:/Git/dita/specification/temp/pdf/topic.fo

AHFCmd :WARNING: Error Level : 2
AHFCmd :WARNING: Error Code  : 10761 (2A09)
AHFCmd :WARNING: Invalid property value: font-size="sans-serif".
AHFCmd :WARNING: Line 13060, Col 1768, file:///C:/Git/dita/specification/temp/pdf/topic.fo

AHFCmd :WARNING: Error Level : 2
AHFCmd :WARNING: Error Code  : 10761 (2A09)
AHFCmd :WARNING: Invalid property value: font-size="sans-serif".
AHFCmd :WARNING: Line 13064, Col 1767, file:///C:/Git/dita/specification/temp/pdf/topic.fo

AHFCmd :WARNING: Error Level : 2
AHFCmd :WARNING: Error Code  : 10761 (2A09)
AHFCmd :WARNING: Invalid property value: font-size="sans-serif".
AHFCmd :WARNING: Line 13082, Col 814, file:///C:/Git/dita/specification/temp/pdf/topic.fo

AHFCmd :WARNING: Error Level : 2
AHFCmd :WARNING: Error Code  : 10761 (2A09)
AHFCmd :WARNING: Invalid property value: font-size="sans-serif".
AHFCmd :WARNING: Line 13101, Col 770, file:///C:/Git/dita/specification/temp/pdf/topic.fo

AHFCmd :WARNING: Error Level : 2
AHFCmd :WARNING: Error Code  : 10761 (2A09)
AHFCmd :WARNING: Invalid property value: font-size="sans-serif".
AHFCmd :WARNING: Line 13186, Col 1043, file:///C:/Git/dita/specification/temp/pdf/topic.fo

AHFCmd :WARNING: Error Level : 2
AHFCmd :WARNING: Error Code  : 10761 (2A09)
AHFCmd :WARNING: Invalid property value: font-size="sans-serif".
AHFCmd :WARNING: Line 13213, Col 813, file:///C:/Git/dita/specification/temp/pdf/topic.fo

AHFCmd :WARNING: Error Level : 2
AHFCmd :WARNING: Error Code  : 10761 (2A09)
AHFCmd :WARNING: Invalid property value: font-size="sans-serif".
AHFCmd :WARNING: Line 13226, Col 847, file:///C:/Git/dita/specification/temp/pdf/topic.fo

AHFCmd :WARNING: Error Level : 2
AHFCmd :WARNING: Error Code  : 10761 (2A09)
AHFCmd :WARNING: Invalid property value: font-size="sans-serif".
AHFCmd :WARNING: Line 13252, Col 813, file:///C:/Git/dita/specification/temp/pdf/topic.fo

AHFCmd :WARNING: Error Level : 2
AHFCmd :WARNING: Error Code  : 10761 (2A09)
AHFCmd :WARNING: Invalid property value: font-size="sans-serif".
AHFCmd :WARNING: Line 13275, Col 810, file:///C:/Git/dita/specification/temp/pdf/topic.fo

AHFCmd :WARNING: Error Level : 2
AHFCmd :WARNING: Error Code  : 10761 (2A09)
AHFCmd :WARNING: Invalid property value: font-size="sans-serif".
AHFCmd :WARNING: Line 13306, Col 885, file:///C:/Git/dita/specification/temp/pdf/topic.fo

AHFCmd :WARNING: Error Level : 2
AHFCmd :WARNING: Error Code  : 10761 (2A09)
AHFCmd :WARNING: Invalid property value: font-size="sans-serif".
AHFCmd :WARNING: Line 13352, Col 465, file:///C:/Git/dita/specification/temp/pdf/topic.fo

AHFCmd :WARNING: Error Level : 2
AHFCmd :WARNING: Error Code  : 10761 (2A09)
AHFCmd :WARNING: Invalid property value: font-size="sans-serif".
AHFCmd :WARNING: Line 13352, Col 642, file:///C:/Git/dita/specification/temp/pdf/topic.fo

AHFCmd :WARNING: Error Level : 2
AHFCmd :WARNING: Error Code  : 10761 (2A09)
AHFCmd :WARNING: Invalid property value: font-size="sans-serif".
AHFCmd :WARNING: Line 13367, Col 459, file:///C:/Git/dita/specification/temp/pdf/topic.fo

AHFCmd :WARNING: Error Level : 2
AHFCmd :WARNING: Error Code  : 10761 (2A09)
AHFCmd :WARNING: Invalid property value: font-size="sans-serif".
AHFCmd :WARNING: Line 13390, Col 464, file:///C:/Git/dita/specification/temp/pdf/topic.fo

AHFCmd :WARNING: Error Level : 2
AHFCmd :WARNING: Error Code  : 10761 (2A09)
AHFCmd :WARNING: Invalid property value: font-size="sans-serif".
AHFCmd :WARNING: Line 13392, Col 898, file:///C:/Git/dita/specification/temp/pdf/topic.fo

AHFCmd :WARNING: Error Level : 2
AHFCmd :WARNING: Error Code  : 10761 (2A09)
AHFCmd :WARNING: Invalid property value: font-size="sans-serif".
AHFCmd :WARNING: Line 13434, Col 852, file:///C:/Git/dita/specification/temp/pdf/topic.fo

AHFCmd :WARNING: Error Level : 2
AHFCmd :WARNING: Error Code  : 10761 (2A09)
AHFCmd :WARNING: Invalid property value: font-size="sans-serif".
AHFCmd :WARNING: Line 13473, Col 765, file:///C:/Git/dita/specification/temp/pdf/topic.fo

AHFCmd :WARNING: Error Level : 2
AHFCmd :WARNING: Error Code  : 10761 (2A09)
AHFCmd :WARNING: Invalid property value: font-size="sans-serif".
AHFCmd :WARNING: Line 13485, Col 774, file:///C:/Git/dita/specification/temp/pdf/topic.fo

AHFCmd :WARNING: Error Level : 2
AHFCmd :WARNING: Error Code  : 10761 (2A09)
AHFCmd :WARNING: Invalid property value: font-size="sans-serif".
AHFCmd :WARNING: Line 13507, Col 809, file:///C:/Git/dita/specification/temp/pdf/topic.fo

AHFCmd :WARNING: Error Level : 2
AHFCmd :WARNING: Error Code  : 10761 (2A09)
AHFCmd :WARNING: Invalid property value: font-size="sans-serif".
AHFCmd :WARNING: Line 13531, Col 812, file:///C:/Git/dita/specification/temp/pdf/topic.fo

AHFCmd :WARNING: Error Level : 2
AHFCmd :WARNING: Error Code  : 10761 (2A09)
AHFCmd :WARNING: Invalid property value: font-size="sans-serif".
AHFCmd :WARNING: Line 13549, Col 811, file:///C:/Git/dita/specification/temp/pdf/topic.fo

AHFCmd :WARNING: Error Level : 2
AHFCmd :WARNING: Error Code  : 10761 (2A09)
AHFCmd :WARNING: Invalid property value: font-size="sans-serif".
AHFCmd :WARNING: Line 13568, Col 811, file:///C:/Git/dita/specification/temp/pdf/topic.fo

AHFCmd :WARNING: Error Level : 2
AHFCmd :WARNING: Error Code  : 10761 (2A09)
AHFCmd :WARNING: Invalid property value: font-size="sans-serif".
AHFCmd :WARNING: Line 13584, Col 918, file:///C:/Git/dita/specification/temp/pdf/topic.fo

AHFCmd :WARNING: Error Level : 2
AHFCmd :WARNING: Error Code  : 10761 (2A09)
AHFCmd :WARNING: Invalid property value: font-size="sans-serif".
AHFCmd :WARNING: Line 13608, Col 993, file:///C:/Git/dita/specification/temp/pdf/topic.fo

AHFCmd :WARNING: Error Level : 2
AHFCmd :WARNING: Error Code  : 10761 (2A09)
AHFCmd :WARNING: Invalid property value: font-size="sans-serif".
AHFCmd :WARNING: Line 13718, Col 816, file:///C:/Git/dita/specification/temp/pdf/topic.fo

AHFCmd :WARNING: Error Level : 2
AHFCmd :WARNING: Error Code  : 10761 (2A09)
AHFCmd :WARNING: Invalid property value: font-size="sans-serif".
AHFCmd :WARNING: Line 13739, Col 815, file:///C:/Git/dita/specification/temp/pdf/topic.fo

AHFCmd :WARNING: Error Level : 2
AHFCmd :WARNING: Error Code  : 10761 (2A09)
AHFCmd :WARNING: Invalid property value: font-size="sans-serif".
AHFCmd :WARNING: Line 13782, Col 816, file:///C:/Git/dita/specification/temp/pdf/topic.fo

AHFCmd :WARNING: Error Level : 2
AHFCmd :WARNING: Error Code  : 10761 (2A09)
AHFCmd :WARNING: Invalid property value: font-size="sans-serif".
AHFCmd :WARNING: Line 13832, Col 816, file:///C:/Git/dita/specification/temp/pdf/topic.fo

AHFCmd :WARNING: Error Level : 2
AHFCmd :WARNING: Error Code  : 10761 (2A09)
AHFCmd :WARNING: Invalid property value: font-size="sans-serif".
AHFCmd :WARNING: Line 13875, Col 814, file:///C:/Git/dita/specification/temp/pdf/topic.fo

AHFCmd :WARNING: Error Level : 2
AHFCmd :WARNING: Error Code  : 10761 (2A09)
AHFCmd :WARNING: Invalid property value: font-size="sans-serif".
AHFCmd :WARNING: Line 13921, Col 841, file:///C:/Git/dita/specification/temp/pdf/topic.fo

AHFCmd :WARNING: Error Level : 2
AHFCmd :WARNING: Error Code  : 10761 (2A09)
AHFCmd :WARNING: Invalid property value: font-size="sans-serif".
AHFCmd :WARNING: Line 13942, Col 812, file:///C:/Git/dita/specification/temp/pdf/topic.fo

AHFCmd :WARNING: Error Level : 2
AHFCmd :WARNING: Error Code  : 10761 (2A09)
AHFCmd :WARNING: Invalid property value: font-size="sans-serif".
AHFCmd :WARNING: Line 14018, Col 897, file:///C:/Git/dita/specification/temp/pdf/topic.fo

AHFCmd :WARNING: Error Level : 2
AHFCmd :WARNING: Error Code  : 10761 (2A09)
AHFCmd :WARNING: Invalid property value: font-size="sans-serif".
AHFCmd :WARNING: Line 14113, Col 810, file:///C:/Git/dita/specification/temp/pdf/topic.fo

AHFCmd :WARNING: Error Level : 2
AHFCmd :WARNING: Error Code  : 10761 (2A09)
AHFCmd :WARNING: Invalid property value: font-size="sans-serif".
AHFCmd :WARNING: Line 14139, Col 811, file:///C:/Git/dita/specification/temp/pdf/topic.fo

AHFCmd :WARNING: Error Level : 2
AHFCmd :WARNING: Error Code  : 10761 (2A09)
AHFCmd :WARNING: Invalid property value: font-size="sans-serif".
AHFCmd :WARNING: Line 14162, Col 811, file:///C:/Git/dita/specification/temp/pdf/topic.fo

AHFCmd :WARNING: Error Level : 2
AHFCmd :WARNING: Error Code  : 10761 (2A09)
AHFCmd :WARNING: Invalid property value: font-size="sans-serif".
AHFCmd :WARNING: Line 14185, Col 872, file:///C:/Git/dita/specification/temp/pdf/topic.fo

AHFCmd :WARNING: Error Level : 2
AHFCmd :WARNING: Error Code  : 10761 (2A09)
AHFCmd :WARNING: Invalid property value: font-size="sans-serif".
AHFCmd :WARNING: Line 14206, Col 807, file:///C:/Git/dita/specification/temp/pdf/topic.fo

AHFCmd :WARNING: Error Level : 2
AHFCmd :WARNING: Error Code  : 10761 (2A09)
AHFCmd :WARNING: Invalid property value: font-size="sans-serif".
AHFCmd :WARNING: Line 14223, Col 814, file:///C:/Git/dita/specification/temp/pdf/topic.fo

AHFCmd :WARNING: Error Level : 2
AHFCmd :WARNING: Error Code  : 10761 (2A09)
AHFCmd :WARNING: Invalid property value: font-size="sans-serif".
AHFCmd :WARNING: Line 14252, Col 814, file:///C:/Git/dita/specification/temp/pdf/topic.fo

AHFCmd :WARNING: Error Level : 2
AHFCmd :WARNING: Error Code  : 10761 (2A09)
AHFCmd :WARNING: Invalid property value: font-size="sans-serif".
AHFCmd :WARNING: Line 14273, Col 811, file:///C:/Git/dita/specification/temp/pdf/topic.fo

AHFCmd :WARNING: Error Level : 2
AHFCmd :WARNING: Error Code  : 10761 (2A09)
AHFCmd :WARNING: Invalid property value: font-size="sans-serif".
AHFCmd :WARNING: Line 14290, Col 809, file:///C:/Git/dita/specification/temp/pdf/topic.fo

AHFCmd :WARNING: Error Level : 2
AHFCmd :WARNING: Error Code  : 10761 (2A09)
AHFCmd :WARNING: Invalid property value: font-size="sans-serif".
AHFCmd :WARNING: Line 14307, Col 808, file:///C:/Git/dita/specification/temp/pdf/topic.fo

AHFCmd :WARNING: Error Level : 2
AHFCmd :WARNING: Error Code  : 10761 (2A09)
AHFCmd :WARNING: Invalid property value: font-size="sans-serif".
AHFCmd :WARNING: Line 14332, Col 810, file:///C:/Git/dita/specification/temp/pdf/topic.fo

AHFCmd :WARNING: Error Level : 2
AHFCmd :WARNING: Error Code  : 10761 (2A09)
AHFCmd :WARNING: Invalid property value: font-size="sans-serif".
AHFCmd :WARNING: Line 14355, Col 874, file:///C:/Git/dita/specification/temp/pdf/topic.fo

AHFCmd :WARNING: Error Level : 2
AHFCmd :WARNING: Error Code  : 10761 (2A09)
AHFCmd :WARNING: Invalid property value: font-size="sans-serif".
AHFCmd :WARNING: Line 14586, Col 619, file:///C:/Git/dita/specification/temp/pdf/topic.fo

AHFCmd :WARNING: Error Level : 2
AHFCmd :WARNING: Error Code  : 10761 (2A09)
AHFCmd :WARNING: Invalid property value: font-size="sans-serif".
AHFCmd :WARNING: Line 14586, Col 777, file:///C:/Git/dita/specification/temp/pdf/topic.fo

AHFCmd :WARNING: Error Level : 2
AHFCmd :WARNING: Error Code  : 10761 (2A09)
AHFCmd :WARNING: Invalid property value: font-size="sans-serif".
AHFCmd :WARNING: Line 14588, Col 811, file:///C:/Git/dita/specification/temp/pdf/topic.fo

AHFCmd :WARNING: Error Level : 2
AHFCmd :WARNING: Error Code  : 10761 (2A09)
AHFCmd :WARNING: Invalid property value: font-size="sans-serif".
AHFCmd :WARNING: Line 14660, Col 813, file:///C:/Git/dita/specification/temp/pdf/topic.fo

AHFCmd :WARNING: Error Level : 2
AHFCmd :WARNING: Error Code  : 10761 (2A09)
AHFCmd :WARNING: Invalid property value: font-size="sans-serif".
AHFCmd :WARNING: Line 14713, Col 811, file:///C:/Git/dita/specification/temp/pdf/topic.fo

AHFCmd :WARNING: Error Level : 2
AHFCmd :WARNING: Error Code  : 10761 (2A09)
AHFCmd :WARNING: Invalid property value: font-size="sans-serif".
AHFCmd :WARNING: Line 14802, Col 795, file:///C:/Git/dita/specification/temp/pdf/topic.fo

AHFCmd :WARNING: Error Level : 2
AHFCmd :WARNING: Error Code  : 10761 (2A09)
AHFCmd :WARNING: Invalid property value: font-size="sans-serif".
AHFCmd :WARNING: Line 14881, Col 814, file:///C:/Git/dita/specification/temp/pdf/topic.fo

AHFCmd :WARNING: Error Level : 2
AHFCmd :WARNING: Error Code  : 10761 (2A09)
AHFCmd :WARNING: Invalid property value: font-size="sans-serif".
AHFCmd :WARNING: Line 14905, Col 816, file:///C:/Git/dita/specification/temp/pdf/topic.fo

AHFCmd :WARNING: Error Level : 2
AHFCmd :WARNING: Error Code  : 10761 (2A09)
AHFCmd :WARNING: Invalid property value: font-size="sans-serif".
AHFCmd :WARNING: Line 14928, Col 815, file:///C:/Git/dita/specification/temp/pdf/topic.fo

AHFCmd :WARNING: Error Level : 2
AHFCmd :WARNING: Error Code  : 10761 (2A09)
AHFCmd :WARNING: Invalid property value: font-size="sans-serif".
AHFCmd :WARNING: Line 14950, Col 815, file:///C:/Git/dita/specification/temp/pdf/topic.fo

AHFCmd :WARNING: Error Level : 2
AHFCmd :WARNING: Error Code  : 10761 (2A09)
AHFCmd :WARNING: Invalid property value: font-size="sans-serif".
AHFCmd :WARNING: Line 14973, Col 816, file:///C:/Git/dita/specification/temp/pdf/topic.fo

AHFCmd :WARNING: Error Level : 2
AHFCmd :WARNING: Error Code  : 10761 (2A09)
AHFCmd :WARNING: Invalid property value: font-size="sans-serif".
AHFCmd :WARNING: Line 14999, Col 815, file:///C:/Git/dita/specification/temp/pdf/topic.fo

AHFCmd :WARNING: Error Level : 2
AHFCmd :WARNING: Error Code  : 10761 (2A09)
AHFCmd :WARNING: Invalid property value: font-size="sans-serif".
AHFCmd :WARNING: Line 15041, Col 815, file:///C:/Git/dita/specification/temp/pdf/topic.fo

AHFCmd :WARNING: Error Level : 2
AHFCmd :WARNING: Error Code  : 10761 (2A09)
AHFCmd :WARNING: Invalid property value: font-size="sans-serif".
AHFCmd :WARNING: Line 15162, Col 814, file:///C:/Git/dita/specification/temp/pdf/topic.fo

AHFCmd :WARNING: Error Level : 2
AHFCmd :WARNING: Error Code  : 10761 (2A09)
AHFCmd :WARNING: Invalid property value: font-size="sans-serif".
AHFCmd :WARNING: Line 15189, Col 836, file:///C:/Git/dita/specification/temp/pdf/topic.fo

AHFCmd :WARNING: Error Level : 2
AHFCmd :WARNING: Error Code  : 10761 (2A09)
AHFCmd :WARNING: Invalid property value: font-size="sans-serif".
AHFCmd :WARNING: Line 15209, Col 809, file:///C:/Git/dita/specification/temp/pdf/topic.fo

AHFCmd :WARNING: Error Level : 2
AHFCmd :WARNING: Error Code  : 10761 (2A09)
AHFCmd :WARNING: Invalid property value: font-size="sans-serif".
AHFCmd :WARNING: Line 15250, Col 811, file:///C:/Git/dita/specification/temp/pdf/topic.fo

AHFCmd :WARNING: Error Level : 2
AHFCmd :WARNING: Error Code  : 10761 (2A09)
AHFCmd :WARNING: Invalid property value: font-size="sans-serif".
AHFCmd :WARNING: Line 15315, Col 812, file:///C:/Git/dita/specification/temp/pdf/topic.fo

AHFCmd :WARNING: Error Level : 2
AHFCmd :WARNING: Error Code  : 10761 (2A09)
AHFCmd :WARNING: Invalid property value: font-size="sans-serif".
AHFCmd :WARNING: Line 15354, Col 810, file:///C:/Git/dita/specification/temp/pdf/topic.fo

AHFCmd :WARNING: Error Level : 2
AHFCmd :WARNING: Error Code  : 10761 (2A09)
AHFCmd :WARNING: Invalid property value: font-size="sans-serif".
AHFCmd :WARNING: Line 15462, Col 460, file:///C:/Git/dita/specification/temp/pdf/topic.fo

AHFCmd :WARNING: Error Level : 2
AHFCmd :WARNING: Error Code  : 10761 (2A09)
AHFCmd :WARNING: Invalid property value: font-size="sans-serif".
AHFCmd :WARNING: Line 15463, Col 144, file:///C:/Git/dita/specification/temp/pdf/topic.fo

AHFCmd :WARNING: Error Level : 2
AHFCmd :WARNING: Error Code  : 10761 (2A09)
AHFCmd :WARNING: Invalid property value: font-size="sans-serif".
AHFCmd :WARNING: Line 15470, Col 461, file:///C:/Git/dita/specification/temp/pdf/topic.fo

AHFCmd :WARNING: Error Level : 2
AHFCmd :WARNING: Error Code  : 10761 (2A09)
AHFCmd :WARNING: Invalid property value: font-size="sans-serif".
AHFCmd :WARNING: Line 15471, Col 142, file:///C:/Git/dita/specification/temp/pdf/topic.fo

AHFCmd :WARNING: Error Level : 2
AHFCmd :WARNING: Error Code  : 10761 (2A09)
AHFCmd :WARNING: Invalid property value: font-size="sans-serif".
AHFCmd :WARNING: Line 15480, Col 861, file:///C:/Git/dita/specification/temp/pdf/topic.fo

AHFCmd :WARNING: Error Level : 2
AHFCmd :WARNING: Error Code  : 10761 (2A09)
AHFCmd :WARNING: Invalid property value: font-size="sans-serif".
AHFCmd :WARNING: Line 15553, Col 855, file:///C:/Git/dita/specification/temp/pdf/topic.fo

AHFCmd :WARNING: Error Level : 2
AHFCmd :WARNING: Error Code  : 10761 (2A09)
AHFCmd :WARNING: Invalid property value: font-size="sans-serif".
AHFCmd :WARNING: Line 15597, Col 855, file:///C:/Git/dita/specification/temp/pdf/topic.fo

AHFCmd :WARNING: Error Level : 2
AHFCmd :WARNING: Error Code  : 10761 (2A09)
AHFCmd :WARNING: Invalid property value: font-size="sans-serif".
AHFCmd :WARNING: Line 15644, Col 855, file:///C:/Git/dita/specification/temp/pdf/topic.fo

AHFCmd :WARNING: Error Level : 2
AHFCmd :WARNING: Error Code  : 10761 (2A09)
AHFCmd :WARNING: Invalid property value: font-size="sans-serif".
AHFCmd :WARNING: Line 15723, Col 856, file:///C:/Git/dita/specification/temp/pdf/topic.fo

AHFCmd :WARNING: Error Level : 2
AHFCmd :WARNING: Error Code  : 10761 (2A09)
AHFCmd :WARNING: Invalid property value: font-size="sans-serif".
AHFCmd :WARNING: Line 15760, Col 855, file:///C:/Git/dita/specification/temp/pdf/topic.fo

AHFCmd :WARNING: Error Level : 2
AHFCmd :WARNING: Error Code  : 10761 (2A09)
AHFCmd :WARNING: Invalid property value: font-size="sans-serif".
AHFCmd :WARNING: Line 15805, Col 854, file:///C:/Git/dita/specification/temp/pdf/topic.fo

AHFCmd :WARNING: Error Level : 2
AHFCmd :WARNING: Error Code  : 10761 (2A09)
AHFCmd :WARNING: Invalid property value: font-size="sans-serif".
AHFCmd :WARNING: Line 15840, Col 855, file:///C:/Git/dita/specification/temp/pdf/topic.fo

AHFCmd :WARNING: Error Level : 2
AHFCmd :WARNING: Error Code  : 10761 (2A09)
AHFCmd :WARNING: Invalid property value: font-size="sans-serif".
AHFCmd :WARNING: Line 15873, Col 856, file:///C:/Git/dita/specification/temp/pdf/topic.fo

AHFCmd :WARNING: Error Level : 2
AHFCmd :WARNING: Error Code  : 10761 (2A09)
AHFCmd :WARNING: Invalid property value: font-size="sans-serif".
AHFCmd :WARNING: Line 15906, Col 856, file:///C:/Git/dita/specification/temp/pdf/topic.fo

AHFCmd :WARNING: Error Level : 2
AHFCmd :WARNING: Error Code  : 10761 (2A09)
AHFCmd :WARNING: Invalid property value: font-size="sans-serif".
AHFCmd :WARNING: Line 15958, Col 855, file:///C:/Git/dita/specification/temp/pdf/topic.fo

AHFCmd :WARNING: Error Level : 2
AHFCmd :WARNING: Error Code  : 10761 (2A09)
AHFCmd :WARNING: Invalid property value: font-size="sans-serif".
AHFCmd :WARNING: Line 15993, Col 856, file:///C:/Git/dita/specification/temp/pdf/topic.fo

AHFCmd :WARNING: Error Level : 2
AHFCmd :WARNING: Error Code  : 10761 (2A09)
AHFCmd :WARNING: Invalid property value: font-size="sans-serif".
AHFCmd :WARNING: Line 16072, Col 857, file:///C:/Git/dita/specification/temp/pdf/topic.fo

AHFCmd :WARNING: Error Level : 2
AHFCmd :WARNING: Error Code  : 10761 (2A09)
AHFCmd :WARNING: Invalid property value: font-size="sans-serif".
AHFCmd :WARNING: Line 16114, Col 857, file:///C:/Git/dita/specification/temp/pdf/topic.fo

AHFCmd :WARNING: Error Level : 2
AHFCmd :WARNING: Error Code  : 10761 (2A09)
AHFCmd :WARNING: Invalid property value: font-size="sans-serif".
AHFCmd :WARNING: Line 16154, Col 856, file:///C:/Git/dita/specification/temp/pdf/topic.fo

AHFCmd :WARNING: Error Level : 2
AHFCmd :WARNING: Error Code  : 10761 (2A09)
AHFCmd :WARNING: Invalid property value: font-size="sans-serif".
AHFCmd :WARNING: Line 16174, Col 857, file:///C:/Git/dita/specification/temp/pdf/topic.fo

AHFCmd :WARNING: Error Level : 2
AHFCmd :WARNING: Error Code  : 10761 (2A09)
AHFCmd :WARNING: Invalid property value: font-size="sans-serif".
AHFCmd :WARNING: Line 16268, Col 396, file:///C:/Git/dita/specification/temp/pdf/topic.fo

AHFCmd :WARNING: Error Level : 2
AHFCmd :WARNING: Error Code  : 10761 (2A09)
AHFCmd :WARNING: Invalid property value: font-size="sans-serif".
AHFCmd :WARNING: Line 16310, Col 856, file:///C:/Git/dita/specification/temp/pdf/topic.fo

AHFCmd :WARNING: Error Level : 2
AHFCmd :WARNING: Error Code  : 10761 (2A09)
AHFCmd :WARNING: Invalid property value: font-size="sans-serif".
AHFCmd :WARNING: Line 16335, Col 857, file:///C:/Git/dita/specification/temp/pdf/topic.fo

AHFCmd :WARNING: Error Level : 2
AHFCmd :WARNING: Error Code  : 10761 (2A09)
AHFCmd :WARNING: Invalid property value: font-size="sans-serif".
AHFCmd :WARNING: Line 16358, Col 857, file:///C:/Git/dita/specification/temp/pdf/topic.fo

AHFCmd :WARNING: Error Level : 2
AHFCmd :WARNING: Error Code  : 10761 (2A09)
AHFCmd :WARNING: Invalid property value: font-size="sans-serif".
AHFCmd :WARNING: Line 16429, Col 796, file:///C:/Git/dita/specification/temp/pdf/topic.fo

AHFCmd :WARNING: Error Level : 2
AHFCmd :WARNING: Error Code  : 10761 (2A09)
AHFCmd :WARNING: Invalid property value: font-size="sans-serif".
AHFCmd :WARNING: Line 16449, Col 810, file:///C:/Git/dita/specification/temp/pdf/topic.fo

AHFCmd :WARNING: Error Level : 2
AHFCmd :WARNING: Error Code  : 10761 (2A09)
AHFCmd :WARNING: Invalid property value: font-size="sans-serif".
AHFCmd :WARNING: Line 16505, Col 809, file:///C:/Git/dita/specification/temp/pdf/topic.fo

AHFCmd :WARNING: Error Level : 2
AHFCmd :WARNING: Error Code  : 10761 (2A09)
AHFCmd :WARNING: Invalid property value: font-size="sans-serif".
AHFCmd :WARNING: Line 16550, Col 812, file:///C:/Git/dita/specification/temp/pdf/topic.fo

AHFCmd :WARNING: Error Level : 2
AHFCmd :WARNING: Error Code  : 10761 (2A09)
AHFCmd :WARNING: Invalid property value: font-size="sans-serif".
AHFCmd :WARNING: Line 16569, Col 811, file:///C:/Git/dita/specification/temp/pdf/topic.fo

AHFCmd :WARNING: Error Level : 2
AHFCmd :WARNING: Error Code  : 10761 (2A09)
AHFCmd :WARNING: Invalid property value: font-size="sans-serif".
AHFCmd :WARNING: Line 16632, Col 810, file:///C:/Git/dita/specification/temp/pdf/topic.fo

AHFCmd :WARNING: Error Level : 2
AHFCmd :WARNING: Error Code  : 10761 (2A09)
AHFCmd :WARNING: Invalid property value: font-size="sans-serif".
AHFCmd :WARNING: Line 16661, Col 811, file:///C:/Git/dita/specification/temp/pdf/topic.fo

AHFCmd :WARNING: Error Level : 2
AHFCmd :WARNING: Error Code  : 10761 (2A09)
AHFCmd :WARNING: Invalid property value: font-size="sans-serif".
AHFCmd :WARNING: Line 16679, Col 810, file:///C:/Git/dita/specification/temp/pdf/topic.fo

AHFCmd :WARNING: Error Level : 2
AHFCmd :WARNING: Error Code  : 10761 (2A09)
AHFCmd :WARNING: Invalid property value: font-size="sans-serif".
AHFCmd :WARNING: Line 16818, Col 808, file:///C:/Git/dita/specification/temp/pdf/topic.fo

AHFCmd :WARNING: Error Level : 2
AHFCmd :WARNING: Error Code  : 10761 (2A09)
AHFCmd :WARNING: Invalid property value: font-size="sans-serif".
AHFCmd :WARNING: Line 16887, Col 912, file:///C:/Git/dita/specification/temp/pdf/topic.fo

AHFCmd :WARNING: Error Level : 2
AHFCmd :WARNING: Error Code  : 10761 (2A09)
AHFCmd :WARNING: Invalid property value: font-size="sans-serif".
AHFCmd :WARNING: Line 16902, Col 770, file:///C:/Git/dita/specification/temp/pdf/topic.fo

AHFCmd :WARNING: Error Level : 2
AHFCmd :WARNING: Error Code  : 10761 (2A09)
AHFCmd :WARNING: Invalid property value: font-size="sans-serif".
AHFCmd :WARNING: Line 16922, Col 771, file:///C:/Git/dita/specification/temp/pdf/topic.fo

AHFCmd :WARNING: Error Level : 2
AHFCmd :WARNING: Error Code  : 10761 (2A09)
AHFCmd :WARNING: Invalid property value: font-size="sans-serif".
AHFCmd :WARNING: Line 17004, Col 770, file:///C:/Git/dita/specification/temp/pdf/topic.fo

AHFCmd :WARNING: Error Level : 2
AHFCmd :WARNING: Error Code  : 10761 (2A09)
AHFCmd :WARNING: Invalid property value: font-size="sans-serif".
AHFCmd :WARNING: Line 17087, Col 834, file:///C:/Git/dita/specification/temp/pdf/topic.fo

AHFCmd :WARNING: Error Level : 2
AHFCmd :WARNING: Error Code  : 10761 (2A09)
AHFCmd :WARNING: Invalid property value: font-size="sans-serif".
AHFCmd :WARNING: Line 17107, Col 770, file:///C:/Git/dita/specification/temp/pdf/topic.fo

AHFCmd :WARNING: Error Level : 2
AHFCmd :WARNING: Error Code  : 10761 (2A09)
AHFCmd :WARNING: Invalid property value: font-size="sans-serif".
AHFCmd :WARNING: Line 17135, Col 769, file:///C:/Git/dita/specification/temp/pdf/topic.fo

AHFCmd :WARNING: Error Level : 2
AHFCmd :WARNING: Error Code  : 10761 (2A09)
AHFCmd :WARNING: Invalid property value: font-size="sans-serif".
AHFCmd :WARNING: Line 17734, Col 768, file:///C:/Git/dita/specification/temp/pdf/topic.fo

AHFCmd :WARNING: Error Level : 2
AHFCmd :WARNING: Error Code  : 10761 (2A09)
AHFCmd :WARNING: Invalid property value: font-size="sans-serif".
AHFCmd :WARNING: Line 17764, Col 777, file:///C:/Git/dita/specification/temp/pdf/topic.fo

AHFCmd :WARNING: Error Level : 2
AHFCmd :WARNING: Error Code  : 10761 (2A09)
AHFCmd :WARNING: Invalid property value: font-size="sans-serif".
AHFCmd :WARNING: Line 17779, Col 735, file:///C:/Git/dita/specification/temp/pdf/topic.fo

AHFCmd :WARNING: Error Level : 2
AHFCmd :WARNING: Error Code  : 10761 (2A09)
AHFCmd :WARNING: Invalid property value: font-size="sans-serif".
AHFCmd :WARNING: Line 17804, Col 803, file:///C:/Git/dita/specification/temp/pdf/topic.fo

AHFCmd :WARNING: Error Level : 2
AHFCmd :WARNING: Error Code  : 10761 (2A09)
AHFCmd :WARNING: Invalid property value: font-size="sans-serif".
AHFCmd :WARNING: Line 17818, Col 760, file:///C:/Git/dita/specification/temp/pdf/topic.fo

AHFCmd :WARNING: Error Level : 2
AHFCmd :WARNING: Error Code  : 10761 (2A09)
AHFCmd :WARNING: Invalid property value: font-size="sans-serif".
AHFCmd :WARNING: Line 17860, Col 693, file:///C:/Git/dita/specification/temp/pdf/topic.fo

AHFCmd :WARNING: Error Level : 2
AHFCmd :WARNING: Error Code  : 10761 (2A09)
AHFCmd :WARNING: Invalid property value: font-size="sans-serif".
AHFCmd :WARNING: Line 17947, Col 780, file:///C:/Git/dita/specification/temp/pdf/topic.fo

AHFCmd :WARNING: Error Level : 2
AHFCmd :WARNING: Error Code  : 10761 (2A09)
AHFCmd :WARNING: Invalid property value: font-size="sans-serif".
AHFCmd :WARNING: Line 18115, Col 473, file:///C:/Git/dita/specification/temp/pdf/topic.fo

AHFCmd :WARNING: Error Level : 2
AHFCmd :WARNING: Error Code  : 10761 (2A09)
AHFCmd :WARNING: Invalid property value: font-size="sans-serif".
AHFCmd :WARNING: Line 18115, Col 633, file:///C:/Git/dita/specification/temp/pdf/topic.fo

AHFCmd :WARNING: Error Level : 2
AHFCmd :WARNING: Error Code  : 10761 (2A09)
AHFCmd :WARNING: Invalid property value: font-size="sans-serif".
AHFCmd :WARNING: Line 18116, Col 142, file:///C:/Git/dita/specification/temp/pdf/topic.fo

AHFCmd :WARNING: Error Level : 2
AHFCmd :WARNING: Error Code  : 10761 (2A09)
AHFCmd :WARNING: Invalid property value: font-size="sans-serif".
AHFCmd :WARNING: Line 18131, Col 733, file:///C:/Git/dita/specification/temp/pdf/topic.fo

AHFCmd :WARNING: Error Level : 2
AHFCmd :WARNING: Error Code  : 10761 (2A09)
AHFCmd :WARNING: Invalid property value: font-size="sans-serif".
AHFCmd :WARNING: Line 18135, Col 454, file:///C:/Git/dita/specification/temp/pdf/topic.fo

AHFCmd :WARNING: Error Level : 2
AHFCmd :WARNING: Error Code  : 10761 (2A09)
AHFCmd :WARNING: Invalid property value: font-size="sans-serif".
AHFCmd :WARNING: Line 18135, Col 620, file:///C:/Git/dita/specification/temp/pdf/topic.fo

AHFCmd :WARNING: Error Level : 2
AHFCmd :WARNING: Error Code  : 10761 (2A09)
AHFCmd :WARNING: Invalid property value: font-size="sans-serif".
AHFCmd :WARNING: Line 18260, Col 458, file:///C:/Git/dita/specification/temp/pdf/topic.fo

AHFCmd :WARNING: Error Level : 2
AHFCmd :WARNING: Error Code  : 10761 (2A09)
AHFCmd :WARNING: Invalid property value: font-size="sans-serif".
AHFCmd :WARNING: Line 18260, Col 627, file:///C:/Git/dita/specification/temp/pdf/topic.fo

AHFCmd :WARNING: Error Level : 2
AHFCmd :WARNING: Error Code  : 10761 (2A09)
AHFCmd :WARNING: Invalid property value: font-size="sans-serif".
AHFCmd :WARNING: Line 18274, Col 784, file:///C:/Git/dita/specification/temp/pdf/topic.fo

AHFCmd :WARNING: Error Level : 2
AHFCmd :WARNING: Error Code  : 10761 (2A09)
AHFCmd :WARNING: Invalid property value: font-size="sans-serif".
AHFCmd :WARNING: Line 18274, Col 944, file:///C:/Git/dita/specification/temp/pdf/topic.fo

AHFCmd :WARNING: Error Level : 2
AHFCmd :WARNING: Error Code  : 10761 (2A09)
AHFCmd :WARNING: Invalid property value: font-size="sans-serif".
AHFCmd :WARNING: Line 18305, Col 620, file:///C:/Git/dita/specification/temp/pdf/topic.fo

AHFCmd :WARNING: Error Level : 2
AHFCmd :WARNING: Error Code  : 10761 (2A09)
AHFCmd :WARNING: Invalid property value: font-size="sans-serif".
AHFCmd :WARNING: Line 18320, Col 461, file:///C:/Git/dita/specification/temp/pdf/topic.fo

AHFCmd :WARNING: Error Level : 2
AHFCmd :WARNING: Error Code  : 10761 (2A09)
AHFCmd :WARNING: Invalid property value: font-size="sans-serif".
AHFCmd :WARNING: Line 18320, Col 614, file:///C:/Git/dita/specification/temp/pdf/topic.fo

AHFCmd :WARNING: Error Level : 2
AHFCmd :WARNING: Error Code  : 10761 (2A09)
AHFCmd :WARNING: Invalid property value: font-size="sans-serif".
AHFCmd :WARNING: Line 18321, Col 144, file:///C:/Git/dita/specification/temp/pdf/topic.fo

AHFCmd :WARNING: Error Level : 2
AHFCmd :WARNING: Error Code  : 10761 (2A09)
AHFCmd :WARNING: Invalid property value: font-size="sans-serif".
AHFCmd :WARNING: Line 18371, Col 691, file:///C:/Git/dita/specification/temp/pdf/topic.fo

AHFCmd :WARNING: Error Level : 2
AHFCmd :WARNING: Error Code  : 10761 (2A09)
AHFCmd :WARNING: Invalid property value: font-size="sans-serif".
AHFCmd :WARNING: Line 18395, Col 734, file:///C:/Git/dita/specification/temp/pdf/topic.fo

AHFCmd :WARNING: Error Level : 2
AHFCmd :WARNING: Error Code  : 10761 (2A09)
AHFCmd :WARNING: Invalid property value: font-size="sans-serif".
AHFCmd :WARNING: Line 18403, Col 452, file:///C:/Git/dita/specification/temp/pdf/topic.fo

AHFCmd :WARNING: Error Level : 2
AHFCmd :WARNING: Error Code  : 10761 (2A09)
AHFCmd :WARNING: Invalid property value: font-size="sans-serif".
AHFCmd :WARNING: Line 18438, Col 454, file:///C:/Git/dita/specification/temp/pdf/topic.fo

AHFCmd :WARNING: Error Level : 2
AHFCmd :WARNING: Error Code  : 10761 (2A09)
AHFCmd :WARNING: Invalid property value: font-size="sans-serif".
AHFCmd :WARNING: Line 18438, Col 609, file:///C:/Git/dita/specification/temp/pdf/topic.fo

AHFCmd :WARNING: Error Level : 2
AHFCmd :WARNING: Error Code  : 10761 (2A09)
AHFCmd :WARNING: Invalid property value: font-size="sans-serif".
AHFCmd :WARNING: Line 18452, Col 692, file:///C:/Git/dita/specification/temp/pdf/topic.fo

AHFCmd :WARNING: Error Level : 2
AHFCmd :WARNING: Error Code  : 10761 (2A09)
AHFCmd :WARNING: Invalid property value: font-size="sans-serif".
AHFCmd :WARNING: Line 18502, Col 692, file:///C:/Git/dita/specification/temp/pdf/topic.fo

AHFCmd :WARNING: Error Level : 2
AHFCmd :WARNING: Error Code  : 10761 (2A09)
AHFCmd :WARNING: Invalid property value: font-size="sans-serif".
AHFCmd :WARNING: Line 18534, Col 775, file:///C:/Git/dita/specification/temp/pdf/topic.fo

AHFCmd :WARNING: Error Level : 2
AHFCmd :WARNING: Error Code  : 10761 (2A09)
AHFCmd :WARNING: Invalid property value: font-size="sans-serif".
AHFCmd :WARNING: Line 18534, Col 929, file:///C:/Git/dita/specification/temp/pdf/topic.fo

AHFCmd :WARNING: Error Level : 2
AHFCmd :WARNING: Error Code  : 10761 (2A09)
AHFCmd :WARNING: Invalid property value: font-size="sans-serif".
AHFCmd :WARNING: Line 18539, Col 469, file:///C:/Git/dita/specification/temp/pdf/topic.fo

AHFCmd :WARNING: Error Level : 2
AHFCmd :WARNING: Error Code  : 10761 (2A09)
AHFCmd :WARNING: Invalid property value: font-size="sans-serif".
AHFCmd :WARNING: Line 18787, Col 1256, file:///C:/Git/dita/specification/temp/pdf/topic.fo

AHFCmd :WARNING: Error Level : 2
AHFCmd :WARNING: Error Code  : 10769 (2A11)
AHFCmd :WARNING: Unresolved id value: "unique_15_Connect_42_referenced-element".
AHFCmd :WARNING: Line 4398, Col 403, file:///C:/Git/dita/specification/temp/pdf/topic.fo

AHFCmd :WARNING: Error Level : 2
AHFCmd :WARNING: Error Code  : 10769 (2A11)
AHFCmd :WARNING: Unresolved id value: "unique_15_Connect_42_referencing-element".
AHFCmd :WARNING: Line 4398, Col 660, file:///C:/Git/dita/specification/temp/pdf/topic.fo

AHFCmd :WARNING: Error Level : 2
AHFCmd :WARNING: Error Code  : 10769 (2A11)
AHFCmd :WARNING: Unresolved id value: "unique_191_Connect_42_topic-map-entity-declarations".
AHFCmd :WARNING: Line 7674, Col 282, file:///C:/Git/dita/specification/temp/pdf/topic.fo

AHFCmd :WARNING: Error Level : 2
AHFCmd :WARNING: Error Code  : 10769 (2A11)
AHFCmd :WARNING: Unresolved id value: "unique_191_Connect_42_domain-constraint-integration".
AHFCmd :WARNING: Line 7677, Col 275, file:///C:/Git/dita/specification/temp/pdf/topic.fo

AHFCmd :WARNING: Error Level : 2
AHFCmd :WARNING: Error Code  : 10769 (2A11)
AHFCmd :WARNING: Unresolved id value: "unique_191_Connect_42_domain-entity-declarations".
AHFCmd :WARNING: Line 7678, Col 584, file:///C:/Git/dita/specification/temp/pdf/topic.fo

AHFCmd :WARNING: Error Level : 2
AHFCmd :WARNING: Error Code  : 10769 (2A11)
AHFCmd :WARNING: Unresolved id value: "unique_191_Connect_42_domain-attributes-declarations".
AHFCmd :WARNING: Line 7681, Col 280, file:///C:/Git/dita/specification/temp/pdf/topic.fo

AHFCmd :WARNING: Error Level : 2
AHFCmd :WARNING: Error Code  : 10769 (2A11)
AHFCmd :WARNING: Unresolved id value: "unique_191_Connect_42_domain-extensions".
AHFCmd :WARNING: Line 7684, Col 241, file:///C:/Git/dita/specification/temp/pdf/topic.fo

AHFCmd :WARNING: Error Level : 2
AHFCmd :WARNING: Error Code  : 10769 (2A11)
AHFCmd :WARNING: Unresolved id value: "unique_191_Connect_42_domain-attribute-extensions".
AHFCmd :WARNING: Line 7687, Col 271, file:///C:/Git/dita/specification/temp/pdf/topic.fo

AHFCmd :WARNING: Error Level : 2
AHFCmd :WARNING: Error Code  : 10769 (2A11)
AHFCmd :WARNING: Unresolved id value: "unique_191_Connect_42_topic-nesting-overrides".
AHFCmd :WARNING: Line 7690, Col 258, file:///C:/Git/dita/specification/temp/pdf/topic.fo

AHFCmd :WARNING: Error Level : 2
AHFCmd :WARNING: Error Code  : 10769 (2A11)
AHFCmd :WARNING: Unresolved id value: "unique_191_Connect_42_domains-attribute-override".
AHFCmd :WARNING: Line 7693, Col 268, file:///C:/Git/dita/specification/temp/pdf/topic.fo

AHFCmd :WARNING: Error Level : 2
AHFCmd :WARNING: Error Code  : 10769 (2A11)
AHFCmd :WARNING: Unresolved id value: "unique_191_Connect_42_content-constraint-integration".
AHFCmd :WARNING: Line 7696, Col 280, file:///C:/Git/dita/specification/temp/pdf/topic.fo

AHFCmd :WARNING: Error Level : 2
AHFCmd :WARNING: Error Code  : 10769 (2A11)
AHFCmd :WARNING: Unresolved id value: "unique_191_Connect_42_topic-map-element-integration".
AHFCmd :WARNING: Line 7699, Col 282, file:///C:/Git/dita/specification/temp/pdf/topic.fo

AHFCmd :WARNING: Error Level : 2
AHFCmd :WARNING: Error Code  : 10769 (2A11)
AHFCmd :WARNING: Unresolved id value: "unique_191_Connect_42_domain-element-integration".
AHFCmd :WARNING: Line 7702, Col 268, file:///C:/Git/dita/specification/temp/pdf/topic.fo

AHFCmd :WARNING: Error Level : 2
AHFCmd :WARNING: Error Code  : 10769 (2A11)
AHFCmd :WARNING: Unresolved id value: "unique_199_Connect_42_content-constraint".
AHFCmd :WARNING: Line 8351, Col 302, file:///C:/Git/dita/specification/temp/pdf/topic.fo

AHFCmd :WARNING: Error Level : 2
AHFCmd :WARNING: Error Code  : 10769 (2A11)
AHFCmd :WARNING: Unresolved id value: "unique_199_Connect_42_module-inclusion".
AHFCmd :WARNING: Line 8351, Col 552, file:///C:/Git/dita/specification/temp/pdf/topic.fo

AHFCmd :WARNING: Error Level : 2
AHFCmd :WARNING: Error Code  : 10769 (2A11)
AHFCmd :WARNING: Unresolved id value: "unique_399_Connect_42_compact".
AHFCmd :WARNING: Line 9581, Col 524, file:///C:/Git/dita/specification/temp/pdf/topic.fo

AHFCmd :WARNING: Error Level : 2
AHFCmd :WARNING: Error Code  : 10769 (2A11)
AHFCmd :WARNING: Unresolved id value: "unique_400_Connect_42_spectitle".
AHFCmd :WARNING: Line 9581, Col 754, file:///C:/Git/dita/specification/temp/pdf/topic.fo

AHFCmd :WARNING: Error Level : 2
AHFCmd :WARNING: Error Code  : 10769 (2A11)
AHFCmd :WARNING: Unresolved id value: "unique_400_Connect_42_spectitle".
AHFCmd :WARNING: Line 9720, Col 402, file:///C:/Git/dita/specification/temp/pdf/topic.fo

AHFCmd :WARNING: Error Level : 2
AHFCmd :WARNING: Error Code  : 10769 (2A11)
AHFCmd :WARNING: Unresolved id value: "unique_400_Connect_42_spectitle".
AHFCmd :WARNING: Line 9747, Col 732, file:///C:/Git/dita/specification/temp/pdf/topic.fo

AHFCmd :WARNING: Error Level : 2
AHFCmd :WARNING: Error Code  : 10769 (2A11)
AHFCmd :WARNING: Unresolved id value: "unique_399_Connect_42_xmlspace".
AHFCmd :WARNING: Line 10166, Col 726, file:///C:/Git/dita/specification/temp/pdf/topic.fo

AHFCmd :WARNING: Error Level : 2
AHFCmd :WARNING: Error Code  : 10769 (2A11)
AHFCmd :WARNING: Unresolved id value: "unique_400_Connect_42_spectitle".
AHFCmd :WARNING: Line 10166, Col 956, file:///C:/Git/dita/specification/temp/pdf/topic.fo

AHFCmd :WARNING: Error Level : 2
AHFCmd :WARNING: Error Code  : 10769 (2A11)
AHFCmd :WARNING: Unresolved id value: "unique_400_Connect_42_spectitle".
AHFCmd :WARNING: Line 10267, Col 556, file:///C:/Git/dita/specification/temp/pdf/topic.fo

AHFCmd :WARNING: Error Level : 2
AHFCmd :WARNING: Error Code  : 10769 (2A11)
AHFCmd :WARNING: Unresolved id value: "unique_399_Connect_42_compact".
AHFCmd :WARNING: Line 10518, Col 524, file:///C:/Git/dita/specification/temp/pdf/topic.fo

AHFCmd :WARNING: Error Level : 2
AHFCmd :WARNING: Error Code  : 10769 (2A11)
AHFCmd :WARNING: Unresolved id value: "unique_400_Connect_42_spectitle".
AHFCmd :WARNING: Line 10518, Col 754, file:///C:/Git/dita/specification/temp/pdf/topic.fo

AHFCmd :WARNING: Error Level : 2
AHFCmd :WARNING: Error Code  : 10769 (2A11)
AHFCmd :WARNING: Unresolved id value: "unique_399_Connect_42_xmlspace".
AHFCmd :WARNING: Line 10624, Col 729, file:///C:/Git/dita/specification/temp/pdf/topic.fo

AHFCmd :WARNING: Error Level : 2
AHFCmd :WARNING: Error Code  : 10769 (2A11)
AHFCmd :WARNING: Unresolved id value: "unique_400_Connect_42_spectitle".
AHFCmd :WARNING: Line 10624, Col 959, file:///C:/Git/dita/specification/temp/pdf/topic.fo

AHFCmd :WARNING: Error Level : 2
AHFCmd :WARNING: Error Code  : 10769 (2A11)
AHFCmd :WARNING: Unresolved id value: "unique_400_Connect_42_spectitle".
AHFCmd :WARNING: Line 10687, Col 402, file:///C:/Git/dita/specification/temp/pdf/topic.fo

AHFCmd :WARNING: Error Level : 2
AHFCmd :WARNING: Error Code  : 10769 (2A11)
AHFCmd :WARNING: Unresolved id value: "unique_399_Connect_42_compact".
AHFCmd :WARNING: Line 10754, Col 525, file:///C:/Git/dita/specification/temp/pdf/topic.fo

AHFCmd :WARNING: Error Level : 2
AHFCmd :WARNING: Error Code  : 10769 (2A11)
AHFCmd :WARNING: Unresolved id value: "unique_400_Connect_42_spectitle".
AHFCmd :WARNING: Line 10754, Col 755, file:///C:/Git/dita/specification/temp/pdf/topic.fo

AHFCmd :WARNING: Error Level : 2
AHFCmd :WARNING: Error Code  : 10769 (2A11)
AHFCmd :WARNING: Unresolved id value: "unique_399_Connect_42_compact".
AHFCmd :WARNING: Line 10827, Col 524, file:///C:/Git/dita/specification/temp/pdf/topic.fo

AHFCmd :WARNING: Error Level : 2
AHFCmd :WARNING: Error Code  : 10769 (2A11)
AHFCmd :WARNING: Unresolved id value: "unique_400_Connect_42_spectitle".
AHFCmd :WARNING: Line 10827, Col 754, file:///C:/Git/dita/specification/temp/pdf/topic.fo

AHFCmd :WARNING: Error Level : 2
AHFCmd :WARNING: Error Code  : 10769 (2A11)
AHFCmd :WARNING: Unresolved id value: "unique_407_Connect_42_collection-type".
AHFCmd :WARNING: Line 10981, Col 548, file:///C:/Git/dita/specification/temp/pdf/topic.fo

AHFCmd :WARNING: Error Level : 2
AHFCmd :WARNING: Error Code  : 10769 (2A11)
AHFCmd :WARNING: Unresolved id value: "unique_400_Connect_42_spectitle".
AHFCmd :WARNING: Line 10982, Col 209, file:///C:/Git/dita/specification/temp/pdf/topic.fo

AHFCmd :WARNING: Error Level : 2
AHFCmd :WARNING: Error Code  : 10769 (2A11)
AHFCmd :WARNING: Unresolved id value: "unique_399_Connect_42_mapkeyref".
AHFCmd :WARNING: Line 10982, Col 435, file:///C:/Git/dita/specification/temp/pdf/topic.fo

AHFCmd :WARNING: Error Level : 2
AHFCmd :WARNING: Error Code  : 10769 (2A11)
AHFCmd :WARNING: Unresolved id value: "unique_407_Connect_42_collection-type".
AHFCmd :WARNING: Line 10993, Col 874, file:///C:/Git/dita/specification/temp/pdf/topic.fo

AHFCmd :WARNING: Error Level : 2
AHFCmd :WARNING: Error Code  : 10769 (2A11)
AHFCmd :WARNING: Unresolved id value: "unique_407_Connect_42_collection-type".
AHFCmd :WARNING: Line 11041, Col 545, file:///C:/Git/dita/specification/temp/pdf/topic.fo

AHFCmd :WARNING: Error Level : 2
AHFCmd :WARNING: Error Code  : 10769 (2A11)
AHFCmd :WARNING: Unresolved id value: "unique_399_Connect_42_mapkeyref".
AHFCmd :WARNING: Line 11041, Col 979, file:///C:/Git/dita/specification/temp/pdf/topic.fo

AHFCmd :WARNING: Error Level : 2
AHFCmd :WARNING: Error Code  : 10769 (2A11)
AHFCmd :WARNING: Unresolved id value: "unique_407_Connect_42_collection-type".
AHFCmd :WARNING: Line 11052, Col 874, file:///C:/Git/dita/specification/temp/pdf/topic.fo

AHFCmd :WARNING: Error Level : 2
AHFCmd :WARNING: Error Code  : 10769 (2A11)
AHFCmd :WARNING: Unresolved id value: "unique_400_Connect_42_spectitle".
AHFCmd :WARNING: Line 11201, Col 817, file:///C:/Git/dita/specification/temp/pdf/topic.fo

AHFCmd :WARNING: Error Level : 2
AHFCmd :WARNING: Error Code  : 10769 (2A11)
AHFCmd :WARNING: Unresolved id value: "unique_400_Connect_42_specentry".
AHFCmd :WARNING: Line 11244, Col 402, file:///C:/Git/dita/specification/temp/pdf/topic.fo

AHFCmd :WARNING: Error Level : 2
AHFCmd :WARNING: Error Code  : 10769 (2A11)
AHFCmd :WARNING: Unresolved id value: "unique_392_Connect_42_class".
AHFCmd :WARNING: Line 12165, Col 139, file:///C:/Git/dita/specification/temp/pdf/topic.fo

AHFCmd :WARNING: Error Level : 2
AHFCmd :WARNING: Error Code  : 10769 (2A11)
AHFCmd :WARNING: Unresolved id value: "unique_399_Connect_42_mapkeyref".
AHFCmd :WARNING: Line 12962, Col 533, file:///C:/Git/dita/specification/temp/pdf/topic.fo

AHFCmd :WARNING: Error Level : 2
AHFCmd :WARNING: Error Code  : 10769 (2A11)
AHFCmd :WARNING: Unresolved id value: "unique_392_Connect_42_class".
AHFCmd :WARNING: Line 13565, Col 139, file:///C:/Git/dita/specification/temp/pdf/topic.fo

AHFCmd :WARNING: Error Level : 2
AHFCmd :WARNING: Error Code  : 10769 (2A11)
AHFCmd :WARNING: Unresolved id value: "unique_400_Connect_42_spectitle".
AHFCmd :WARNING: Line 13955, Col 535, file:///C:/Git/dita/specification/temp/pdf/topic.fo

AHFCmd :WARNING: Error Level : 2
AHFCmd :WARNING: Error Code  : 10769 (2A11)
AHFCmd :WARNING: Unresolved id value: "unique_399_Connect_42_compact".
AHFCmd :WARNING: Line 14152, Col 402, file:///C:/Git/dita/specification/temp/pdf/topic.fo

AHFCmd :WARNING: Error Level : 2
AHFCmd :WARNING: Error Code  : 10769 (2A11)
AHFCmd :WARNING: Unresolved id value: "unique_400_Connect_42_spectitle".
AHFCmd :WARNING: Line 14152, Col 632, file:///C:/Git/dita/specification/temp/pdf/topic.fo

AHFCmd :WARNING: Error Level : 2
AHFCmd :WARNING: Error Code  : 10769 (2A11)
AHFCmd :WARNING: Unresolved id value: "unique_400_Connect_42_spectitle".
AHFCmd :WARNING: Line 15280, Col 729, file:///C:/Git/dita/specification/temp/pdf/topic.fo

AHFCmd :WARNING: Error Level : 2
AHFCmd :WARNING: Error Code  : 10769 (2A11)
AHFCmd :WARNING: Unresolved id value: "unique_392_Connect_42_outputclass".
AHFCmd :WARNING: Line 15497, Col 576, file:///C:/Git/dita/specification/temp/pdf/topic.fo

AHFCmd :WARNING: Error Level : 2
AHFCmd :WARNING: Error Code  : 10769 (2A11)
AHFCmd :WARNING: Unresolved id value: "unique_392_Connect_42_class".
AHFCmd :WARNING: Line 15498, Col 139, file:///C:/Git/dita/specification/temp/pdf/topic.fo

AHFCmd :WARNING: Error Level : 2
AHFCmd :WARNING: Error Code  : 10769 (2A11)
AHFCmd :WARNING: Unresolved id value: "unique_392_Connect_42_outputclass".
AHFCmd :WARNING: Line 15608, Col 566, file:///C:/Git/dita/specification/temp/pdf/topic.fo

AHFCmd :WARNING: Error Level : 2
AHFCmd :WARNING: Error Code  : 10769 (2A11)
AHFCmd :WARNING: Unresolved id value: "unique_392_Connect_42_class".
AHFCmd :WARNING: Line 15609, Col 139, file:///C:/Git/dita/specification/temp/pdf/topic.fo

AHFCmd :WARNING: Error Level : 2
AHFCmd :WARNING: Error Code  : 10769 (2A11)
AHFCmd :WARNING: Unresolved id value: "unique_392_Connect_42_outputclass".
AHFCmd :WARNING: Line 15681, Col 225, file:///C:/Git/dita/specification/temp/pdf/topic.fo

AHFCmd :WARNING: Error Level : 2
AHFCmd :WARNING: Error Code  : 10769 (2A11)
AHFCmd :WARNING: Unresolved id value: "unique_392_Connect_42_class".
AHFCmd :WARNING: Line 15682, Col 139, file:///C:/Git/dita/specification/temp/pdf/topic.fo

AHFCmd :INFO: Error Level : 1
AHFCmd :INFO: Error Code  : 11145 (2B89)
AHFCmd :INFO: Unresolved internal-destination: "unique_15_Connect_42_referenced-element".
AHFCmd :INFO: file:///C:/Git/dita/specification/temp/pdf/topic.fo

AHFCmd :INFO: Error Level : 1
AHFCmd :INFO: Error Code  : 11145 (2B89)
AHFCmd :INFO: Unresolved internal-destination: "unique_15_Connect_42_referencing-element".
AHFCmd :INFO: file:///C:/Git/dita/specification/temp/pdf/topic.fo

AHFCmd :INFO: Error Level : 1
AHFCmd :INFO: Error Code  : 11145 (2B89)
AHFCmd :INFO: Unresolved internal-destination: "unique_191_Connect_42_topic-map-entity-declarations".
AHFCmd :INFO: file:///C:/Git/dita/specification/temp/pdf/topic.fo

AHFCmd :INFO: Error Level : 1
AHFCmd :INFO: Error Code  : 11145 (2B89)
AHFCmd :INFO: Unresolved internal-destination: "unique_191_Connect_42_domain-constraint-integration".
AHFCmd :INFO: file:///C:/Git/dita/specification/temp/pdf/topic.fo

AHFCmd :INFO: Error Level : 1
AHFCmd :INFO: Error Code  : 11145 (2B89)
AHFCmd :INFO: Unresolved internal-destination: "unique_191_Connect_42_domain-entity-declarations".
AHFCmd :INFO: file:///C:/Git/dita/specification/temp/pdf/topic.fo

AHFCmd :INFO: Error Level : 1
AHFCmd :INFO: Error Code  : 11145 (2B89)
AHFCmd :INFO: Unresolved internal-destination: "unique_191_Connect_42_domain-attributes-declarations".
AHFCmd :INFO: file:///C:/Git/dita/specification/temp/pdf/topic.fo

AHFCmd :INFO: Error Level : 1
AHFCmd :INFO: Error Code  : 11145 (2B89)
AHFCmd :INFO: Unresolved internal-destination: "unique_191_Connect_42_domain-extensions".
AHFCmd :INFO: file:///C:/Git/dita/specification/temp/pdf/topic.fo

AHFCmd :INFO: Error Level : 1
AHFCmd :INFO: Error Code  : 11145 (2B89)
AHFCmd :INFO: Unresolved internal-destination: "unique_191_Connect_42_domain-attribute-extensions".
AHFCmd :INFO: file:///C:/Git/dita/specification/temp/pdf/topic.fo

AHFCmd :INFO: Error Level : 1
AHFCmd :INFO: Error Code  : 11145 (2B89)
AHFCmd :INFO: Unresolved internal-destination: "unique_191_Connect_42_topic-nesting-overrides".
AHFCmd :INFO: file:///C:/Git/dita/specification/temp/pdf/topic.fo

AHFCmd :INFO: Error Level : 1
AHFCmd :INFO: Error Code  : 11145 (2B89)
AHFCmd :INFO: Unresolved internal-destination: "unique_191_Connect_42_domains-attribute-override".
AHFCmd :INFO: file:///C:/Git/dita/specification/temp/pdf/topic.fo

AHFCmd :INFO: Error Level : 1
AHFCmd :INFO: Error Code  : 11145 (2B89)
AHFCmd :INFO: Unresolved internal-destination: "unique_191_Connect_42_content-constraint-integration".
AHFCmd :INFO: file:///C:/Git/dita/specification/temp/pdf/topic.fo

AHFCmd :INFO: Error Level : 1
AHFCmd :INFO: Error Code  : 11145 (2B89)
AHFCmd :INFO: Unresolved internal-destination: "unique_191_Connect_42_topic-map-element-integration".
AHFCmd :INFO: file:///C:/Git/dita/specification/temp/pdf/topic.fo

AHFCmd :INFO: Error Level : 1
AHFCmd :INFO: Error Code  : 11145 (2B89)
AHFCmd :INFO: Unresolved internal-destination: "unique_191_Connect_42_domain-element-integration".
AHFCmd :INFO: file:///C:/Git/dita/specification/temp/pdf/topic.fo

AHFCmd :INFO: Error Level : 1
AHFCmd :INFO: Error Code  : 11145 (2B89)
AHFCmd :INFO: Unresolved internal-destination: "unique_191_Connect_42_domain-extensions".
AHFCmd :INFO: file:///C:/Git/dita/specification/temp/pdf/topic.fo

AHFCmd :INFO: Error Level : 1
AHFCmd :INFO: Error Code  : 11145 (2B89)
AHFCmd :INFO: Unresolved internal-destination: "unique_199_Connect_42_content-constraint".
AHFCmd :INFO: file:///C:/Git/dita/specification/temp/pdf/topic.fo

AHFCmd :INFO: Error Level : 1
AHFCmd :INFO: Error Code  : 11145 (2B89)
AHFCmd :INFO: Unresolved internal-destination: "unique_199_Connect_42_module-inclusion".
AHFCmd :INFO: file:///C:/Git/dita/specification/temp/pdf/topic.fo

AHFCmd :INFO: Error Level : 1
AHFCmd :INFO: Error Code  : 11145 (2B89)
AHFCmd :INFO: Unresolved internal-destination: "unique_399_Connect_42_compact".
AHFCmd :INFO: file:///C:/Git/dita/specification/temp/pdf/topic.fo

AHFCmd :INFO: Error Level : 1
AHFCmd :INFO: Error Code  : 11145 (2B89)
AHFCmd :INFO: Unresolved internal-destination: "unique_400_Connect_42_spectitle".
AHFCmd :INFO: file:///C:/Git/dita/specification/temp/pdf/topic.fo

AHFCmd :INFO: Error Level : 1
AHFCmd :INFO: Error Code  : 11145 (2B89)
AHFCmd :INFO: Unresolved internal-destination: "unique_400_Connect_42_spectitle".
AHFCmd :INFO: file:///C:/Git/dita/specification/temp/pdf/topic.fo

AHFCmd :INFO: Error Level : 1
AHFCmd :INFO: Error Code  : 11145 (2B89)
AHFCmd :INFO: Unresolved internal-destination: "unique_400_Connect_42_spectitle".
AHFCmd :INFO: file:///C:/Git/dita/specification/temp/pdf/topic.fo

AHFCmd :INFO: Error Level : 1
AHFCmd :INFO: Error Code  : 11145 (2B89)
AHFCmd :INFO: Unresolved internal-destination: "unique_399_Connect_42_xmlspace".
AHFCmd :INFO: file:///C:/Git/dita/specification/temp/pdf/topic.fo

AHFCmd :INFO: Error Level : 1
AHFCmd :INFO: Error Code  : 11145 (2B89)
AHFCmd :INFO: Unresolved internal-destination: "unique_400_Connect_42_spectitle".
AHFCmd :INFO: file:///C:/Git/dita/specification/temp/pdf/topic.fo

AHFCmd :INFO: Error Level : 1
AHFCmd :INFO: Error Code  : 11145 (2B89)
AHFCmd :INFO: Unresolved internal-destination: "unique_400_Connect_42_spectitle".
AHFCmd :INFO: file:///C:/Git/dita/specification/temp/pdf/topic.fo

AHFCmd :INFO: Error Level : 1
AHFCmd :INFO: Error Code  : 11145 (2B89)
AHFCmd :INFO: Unresolved internal-destination: "unique_399_Connect_42_compact".
AHFCmd :INFO: file:///C:/Git/dita/specification/temp/pdf/topic.fo

AHFCmd :INFO: Error Level : 1
AHFCmd :INFO: Error Code  : 11145 (2B89)
AHFCmd :INFO: Unresolved internal-destination: "unique_400_Connect_42_spectitle".
AHFCmd :INFO: file:///C:/Git/dita/specification/temp/pdf/topic.fo

AHFCmd :INFO: Error Level : 1
AHFCmd :INFO: Error Code  : 11145 (2B89)
AHFCmd :INFO: Unresolved internal-destination: "unique_399_Connect_42_xmlspace".
AHFCmd :INFO: file:///C:/Git/dita/specification/temp/pdf/topic.fo

AHFCmd :INFO: Error Level : 1
AHFCmd :INFO: Error Code  : 11145 (2B89)
AHFCmd :INFO: Unresolved internal-destination: "unique_400_Connect_42_spectitle".
AHFCmd :INFO: file:///C:/Git/dita/specification/temp/pdf/topic.fo

AHFCmd :INFO: Error Level : 1
AHFCmd :INFO: Error Code  : 11145 (2B89)
AHFCmd :INFO: Unresolved internal-destination: "unique_400_Connect_42_spectitle".
AHFCmd :INFO: file:///C:/Git/dita/specification/temp/pdf/topic.fo

AHFCmd :INFO: Error Level : 1
AHFCmd :INFO: Error Code  : 11145 (2B89)
AHFCmd :INFO: Unresolved internal-destination: "unique_399_Connect_42_compact".
AHFCmd :INFO: file:///C:/Git/dita/specification/temp/pdf/topic.fo

AHFCmd :INFO: Error Level : 1
AHFCmd :INFO: Error Code  : 11145 (2B89)
AHFCmd :INFO: Unresolved internal-destination: "unique_400_Connect_42_spectitle".
AHFCmd :INFO: file:///C:/Git/dita/specification/temp/pdf/topic.fo

AHFCmd :INFO: Error Level : 1
AHFCmd :INFO: Error Code  : 11145 (2B89)
AHFCmd :INFO: Unresolved internal-destination: "unique_399_Connect_42_compact".
AHFCmd :INFO: file:///C:/Git/dita/specification/temp/pdf/topic.fo

AHFCmd :INFO: Error Level : 1
AHFCmd :INFO: Error Code  : 11145 (2B89)
AHFCmd :INFO: Unresolved internal-destination: "unique_400_Connect_42_spectitle".
AHFCmd :INFO: file:///C:/Git/dita/specification/temp/pdf/topic.fo

AHFCmd :INFO: Error Level : 1
AHFCmd :INFO: Error Code  : 11145 (2B89)
AHFCmd :INFO: Unresolved internal-destination: "unique_407_Connect_42_collection-type".
AHFCmd :INFO: file:///C:/Git/dita/specification/temp/pdf/topic.fo

AHFCmd :INFO: Error Level : 1
AHFCmd :INFO: Error Code  : 11145 (2B89)
AHFCmd :INFO: Unresolved internal-destination: "unique_400_Connect_42_spectitle".
AHFCmd :INFO: file:///C:/Git/dita/specification/temp/pdf/topic.fo

AHFCmd :INFO: Error Level : 1
AHFCmd :INFO: Error Code  : 11145 (2B89)
AHFCmd :INFO: Unresolved internal-destination: "unique_399_Connect_42_mapkeyref".
AHFCmd :INFO: file:///C:/Git/dita/specification/temp/pdf/topic.fo

AHFCmd :INFO: Error Level : 1
AHFCmd :INFO: Error Code  : 11145 (2B89)
AHFCmd :INFO: Unresolved internal-destination: "unique_407_Connect_42_collection-type".
AHFCmd :INFO: file:///C:/Git/dita/specification/temp/pdf/topic.fo

AHFCmd :INFO: Error Level : 1
AHFCmd :INFO: Error Code  : 11145 (2B89)
AHFCmd :INFO: Unresolved internal-destination: "unique_407_Connect_42_collection-type".
AHFCmd :INFO: file:///C:/Git/dita/specification/temp/pdf/topic.fo

AHFCmd :INFO: Error Level : 1
AHFCmd :INFO: Error Code  : 11145 (2B89)
AHFCmd :INFO: Unresolved internal-destination: "unique_399_Connect_42_mapkeyref".
AHFCmd :INFO: file:///C:/Git/dita/specification/temp/pdf/topic.fo

AHFCmd :INFO: Error Level : 1
AHFCmd :INFO: Error Code  : 11145 (2B89)
AHFCmd :INFO: Unresolved internal-destination: "unique_407_Connect_42_collection-type".
AHFCmd :INFO: file:///C:/Git/dita/specification/temp/pdf/topic.fo

AHFCmd :INFO: Error Level : 1
AHFCmd :INFO: Error Code  : 11145 (2B89)
AHFCmd :INFO: Unresolved internal-destination: "unique_400_Connect_42_spectitle".
AHFCmd :INFO: file:///C:/Git/dita/specification/temp/pdf/topic.fo

AHFCmd :INFO: Error Level : 1
AHFCmd :INFO: Error Code  : 11145 (2B89)
AHFCmd :INFO: Unresolved internal-destination: "unique_400_Connect_42_specentry".
AHFCmd :INFO: file:///C:/Git/dita/specification/temp/pdf/topic.fo

AHFCmd :INFO: Error Level : 1
AHFCmd :INFO: Error Code  : 11145 (2B89)
AHFCmd :INFO: Unresolved internal-destination: "unique_392_Connect_42_class".
AHFCmd :INFO: file:///C:/Git/dita/specification/temp/pdf/topic.fo

AHFCmd :INFO: Error Level : 1
AHFCmd :INFO: Error Code  : 11145 (2B89)
AHFCmd :INFO: Unresolved internal-destination: "unique_399_Connect_42_mapkeyref".
AHFCmd :INFO: file:///C:/Git/dita/specification/temp/pdf/topic.fo

AHFCmd :INFO: Error Level : 1
AHFCmd :INFO: Error Code  : 11145 (2B89)
AHFCmd :INFO: Unresolved internal-destination: "unique_392_Connect_42_class".
AHFCmd :INFO: file:///C:/Git/dita/specification/temp/pdf/topic.fo

AHFCmd :INFO: Error Level : 1
AHFCmd :INFO: Error Code  : 11145 (2B89)
AHFCmd :INFO: Unresolved internal-destination: "unique_400_Connect_42_spectitle".
AHFCmd :INFO: file:///C:/Git/dita/specification/temp/pdf/topic.fo

AHFCmd :INFO: Error Level : 1
AHFCmd :INFO: Error Code  : 11145 (2B89)
AHFCmd :INFO: Unresolved internal-destination: "unique_399_Connect_42_compact".
AHFCmd :INFO: file:///C:/Git/dita/specification/temp/pdf/topic.fo

AHFCmd :INFO: Error Level : 1
AHFCmd :INFO: Error Code  : 11145 (2B89)
AHFCmd :INFO: Unresolved internal-destination: "unique_400_Connect_42_spectitle".
AHFCmd :INFO: file:///C:/Git/dita/specification/temp/pdf/topic.fo

AHFCmd :INFO: Error Level : 1
AHFCmd :INFO: Error Code  : 11145 (2B89)
AHFCmd :INFO: Unresolved internal-destination: "unique_400_Connect_42_spectitle".
AHFCmd :INFO: file:///C:/Git/dita/specification/temp/pdf/topic.fo

AHFCmd :INFO: Error Level : 1
AHFCmd :INFO: Error Code  : 11145 (2B89)
AHFCmd :INFO: Unresolved internal-destination: "unique_392_Connect_42_outputclass".
AHFCmd :INFO: file:///C:/Git/dita/specification/temp/pdf/topic.fo

AHFCmd :INFO: Error Level : 1
AHFCmd :INFO: Error Code  : 11145 (2B89)
AHFCmd :INFO: Unresolved internal-destination: "unique_392_Connect_42_class".
AHFCmd :INFO: file:///C:/Git/dita/specification/temp/pdf/topic.fo

AHFCmd :INFO: Error Level : 1
AHFCmd :INFO: Error Code  : 11145 (2B89)
AHFCmd :INFO: Unresolved internal-destination: "unique_392_Connect_42_outputclass".
AHFCmd :INFO: file:///C:/Git/dita/specification/temp/pdf/topic.fo

AHFCmd :INFO: Error Level : 1
AHFCmd :INFO: Error Code  : 11145 (2B89)
AHFCmd :INFO: Unresolved internal-destination: "unique_392_Connect_42_class".
AHFCmd :INFO: file:///C:/Git/dita/specification/temp/pdf/topic.fo

AHFCmd :INFO: Error Level : 1
AHFCmd :INFO: Error Code  : 11145 (2B89)
AHFCmd :INFO: Unresolved internal-destination: "unique_392_Connect_42_outputclass".
AHFCmd :INFO: file:///C:/Git/dita/specification/temp/pdf/topic.fo

AHFCmd :INFO: Error Level : 1
AHFCmd :INFO: Error Code  : 11145 (2B89)
AHFCmd :INFO: Unresolved internal-destination: "unique_392_Connect_42_class".
AHFCmd :INFO: file:///C:/Git/dita/specification/temp/pdf/topic.fo

AHFCmd :Formatting finished normally :total 412 pages
